<?xml version="1.0" encoding="UTF-8"?>
<coverage generated="1762838094355" clover="3.2.0">
  <project timestamp="1762838094356" name="All files">
    <metrics statements="95" coveredstatements="94" conditionals="21" coveredconditionals="21" methods="27" coveredmethods="27" elements="143" coveredelements="142" complexity="0" loc="95" ncloc="95" packages="1" files="3" classes="3"/>
    <file name="PasswordResetRepository.ts" path="/home/user/PettyProphecies/src/repositories/PasswordResetRepository.ts">
      <metrics statements="27" coveredstatements="27" conditionals="3" coveredconditionals="3" methods="9" coveredmethods="9"/>
      <line num="9" count="1" type="stmt"/>
      <line num="11" count="1" type="stmt"/>
      <line num="16" count="1" type="stmt"/>
      <line num="21" count="1" type="stmt"/>
      <line num="28" count="22" type="stmt"/>
      <line num="38" count="6" type="stmt"/>
      <line num="41" count="6" type="stmt"/>
      <line num="44" count="6" type="stmt"/>
      <line num="50" count="6" type="stmt"/>
      <line num="52" count="6" type="stmt"/>
      <line num="64" count="4" type="stmt"/>
      <line num="76" count="3" type="stmt"/>
      <line num="85" count="2" type="stmt"/>
      <line num="94" count="1" type="stmt"/>
      <line num="104" count="1" type="stmt"/>
      <line num="106" count="1" type="cond" truecount="1" falsecount="0"/>
      <line num="107" count="1" type="stmt"/>
      <line num="110" count="1" type="cond" truecount="1" falsecount="0"/>
      <line num="111" count="1" type="stmt"/>
      <line num="114" count="1" type="cond" truecount="1" falsecount="0"/>
      <line num="115" count="1" type="stmt"/>
      <line num="118" count="1" type="stmt"/>
      <line num="129" count="1" type="stmt"/>
      <line num="130" count="1" type="stmt"/>
      <line num="140" count="2" type="stmt"/>
      <line num="149" count="2" type="stmt"/>
      <line num="150" count="2" type="stmt"/>
    </file>
    <file name="ReadingRepository.ts" path="/home/user/PettyProphecies/src/repositories/ReadingRepository.ts">
      <metrics statements="29" coveredstatements="29" conditionals="10" coveredconditionals="10" methods="8" coveredmethods="8"/>
      <line num="10" count="1" type="stmt"/>
      <line num="11" count="1" type="stmt"/>
      <line num="18" count="19" type="stmt"/>
      <line num="25" count="2" type="stmt"/>
      <line num="36" count="4" type="stmt"/>
      <line num="39" count="4" type="cond" truecount="2" falsecount="0"/>
      <line num="42" count="4" type="cond" truecount="1" falsecount="0"/>
      <line num="43" count="1" type="stmt"/>
      <line num="46" count="4" type="cond" truecount="1" falsecount="0"/>
      <line num="47" count="1" type="stmt"/>
      <line num="50" count="4" type="stmt"/>
      <line num="52" count="4" type="stmt"/>
      <line num="64" count="6" type="cond" truecount="3" falsecount="0"/>
      <line num="65" count="2" type="stmt"/>
      <line num="68" count="4" type="stmt"/>
      <line num="77" count="1" type="stmt"/>
      <line num="87" count="1" type="stmt"/>
      <line num="89" count="1" type="cond" truecount="1" falsecount="0"/>
      <line num="90" count="1" type="stmt"/>
      <line num="93" count="1" type="cond" truecount="1" falsecount="0"/>
      <line num="94" count="1" type="stmt"/>
      <line num="97" count="1" type="cond" truecount="1" falsecount="0"/>
      <line num="98" count="1" type="stmt"/>
      <line num="101" count="1" type="stmt"/>
      <line num="110" count="2" type="stmt"/>
      <line num="111" count="2" type="stmt"/>
      <line num="121" count="2" type="stmt"/>
      <line num="130" count="2" type="stmt"/>
      <line num="131" count="2" type="stmt"/>
    </file>
    <file name="UserRepository.ts" path="/home/user/PettyProphecies/src/repositories/UserRepository.ts">
      <metrics statements="39" coveredstatements="38" conditionals="8" coveredconditionals="8" methods="10" coveredmethods="10"/>
      <line num="10" count="1" type="stmt"/>
      <line num="11" count="1" type="stmt"/>
      <line num="18" count="26" type="stmt"/>
      <line num="25" count="3" type="stmt"/>
      <line num="35" count="3" type="stmt"/>
      <line num="36" count="3" type="stmt"/>
      <line num="46" count="3" type="stmt"/>
      <line num="47" count="3" type="stmt"/>
      <line num="56" count="1" type="stmt"/>
      <line num="66" count="1" type="stmt"/>
      <line num="68" count="1" type="cond" truecount="1" falsecount="0"/>
      <line num="69" count="1" type="stmt"/>
      <line num="72" count="1" type="cond" truecount="1" falsecount="0"/>
      <line num="73" count="1" type="stmt"/>
      <line num="76" count="1" type="cond" truecount="1" falsecount="0"/>
      <line num="77" count="1" type="stmt"/>
      <line num="80" count="1" type="stmt"/>
      <line num="91" count="4" type="stmt"/>
      <line num="92" count="4" type="stmt"/>
      <line num="93" count="4" type="stmt"/>
      <line num="96" count="3" type="cond" truecount="1" falsecount="0"/>
      <line num="98" count="2" type="cond" truecount="1" falsecount="0"/>
      <line num="99" count="1" type="stmt"/>
      <line num="101" count="1" type="cond" truecount="1" falsecount="0"/>
      <line num="102" count="1" type="stmt"/>
      <line num="104" count="0" type="stmt"/>
      <line num="107" count="1" type="stmt"/>
      <line num="118" count="2" type="stmt"/>
      <line num="127" count="2" type="stmt"/>
      <line num="128" count="2" type="stmt"/>
      <line num="139" count="4" type="stmt"/>
      <line num="140" count="4" type="cond" truecount="1" falsecount="0"/>
      <line num="141" count="1" type="stmt"/>
      <line num="144" count="3" type="stmt"/>
      <line num="155" count="3" type="stmt"/>
      <line num="156" count="3" type="cond" truecount="1" falsecount="0"/>
      <line num="157" count="1" type="stmt"/>
      <line num="161" count="2" type="stmt"/>
      <line num="162" count="2" type="stmt"/>
    </file>
  </project>
</coverage>
