TN:
SF:app/layout.tsx
FN:12,RootLayout
FNF:1
FNH:0
FNDA:0,RootLayout
DA:1,0
DA:2,0
DA:3,0
DA:4,0
DA:7,0
DA:12,0
LF:6
LH:0
BRF:0
BRH:0
end_of_record
TN:
SF:app/page.tsx
FN:8,Home
FNF:1
FNH:0
FNDA:0,Home
DA:3,0
DA:6,0
DA:8,0
DA:9,0
LF:4
LH:0
BRF:0
BRH:0
end_of_record
TN:
SF:components/ErrorBoundary.tsx
FN:14,(anonymous_2)
FN:19,(anonymous_3)
FN:23,(anonymous_4)
FN:27,(anonymous_5)
FNF:4
FNH:4
FNDA:4,(anonymous_2)
FNDA:2,(anonymous_3)
FNDA:1,(anonymous_4)
FNDA:5,(anonymous_5)
DA:3,1
DA:15,4
DA:16,3
DA:20,2
DA:24,1
DA:28,5
DA:32,3
DA:36,2
LF:8
LH:8
BRDA:28,0,0,2
BRF:1
BRH:1
end_of_record
TN:
SF:components/HomePage.tsx
FN:11,(anonymous_5)
FN:11,(anonymous_6)
FN:11,(anonymous_7)
FN:12,(anonymous_9)
FN:15,(anonymous_10)
FN:15,(anonymous_11)
FN:15,(anonymous_12)
FN:16,(anonymous_14)
FN:22,HomePage
FN:27,(anonymous_16)
FN:52,(anonymous_17)
FN:62,(anonymous_18)
FNF:12
FNH:0
FNDA:0,(anonymous_5)
FNDA:0,(anonymous_6)
FNDA:0,(anonymous_7)
FNDA:0,(anonymous_9)
FNDA:0,(anonymous_10)
FNDA:0,(anonymous_11)
FNDA:0,(anonymous_12)
FNDA:0,(anonymous_14)
FNDA:0,HomePage
FNDA:0,(anonymous_16)
FNDA:0,(anonymous_17)
FNDA:0,(anonymous_18)
DA:3,0
DA:4,0
DA:5,0
DA:6,0
DA:7,0
DA:9,0
DA:11,0
DA:12,0
DA:15,0
DA:16,0
DA:19,0
DA:20,0
DA:22,0
DA:23,0
DA:24,0
DA:25,0
DA:27,0
DA:28,0
DA:32,0
DA:52,0
DA:62,0
LF:21
LH:0
BRDA:32,0,0,0
BRDA:48,1,0,0
BRDA:54,2,0,0
BRDA:54,2,1,0
BRDA:64,3,0,0
BRDA:64,3,1,0
BRDA:75,4,0,0
BRDA:75,4,1,0
BRF:8
BRH:0
end_of_record
TN:
SF:components/LoadingSpinner.tsx
FNF:0
FNH:0
DA:3,0
LF:1
LH:0
BRF:0
BRH:0
end_of_record
TN:
SF:components/ProtectedRoute.tsx
FN:8,(anonymous_1)
FN:12,(anonymous_2)
FNF:2
FNH:0
FNDA:0,(anonymous_1)
FNDA:0,(anonymous_2)
DA:3,0
DA:4,0
DA:5,0
DA:8,0
DA:9,0
DA:10,0
DA:12,0
DA:13,0
DA:14,0
DA:18,0
DA:19,0
LF:11
LH:0
BRDA:13,0,0,0
BRDA:18,1,0,0
BRF:2
BRH:0
end_of_record
TN:
SF:components/SentryProvider.tsx
FN:6,SentryProvider
FN:7,(anonymous_2)
FNF:2
FNH:0
FNDA:0,SentryProvider
FNDA:0,(anonymous_2)
DA:3,0
DA:4,0
DA:6,0
DA:7,0
DA:8,0
LF:5
LH:0
BRF:0
BRH:0
end_of_record
TN:
SF:components/theme-provider.tsx
FN:9,ThemeProvider
FNF:1
FNH:0
FNDA:0,ThemeProvider
DA:3,0
DA:7,0
DA:9,0
LF:3
LH:0
BRF:0
BRH:0
end_of_record
TN:
SF:components/ui/accordion.tsx
FNF:0
FNH:0
DA:3,0
DA:4,0
DA:5,0
DA:7,0
DA:9,0
DA:21,0
DA:41,0
DA:56,0
DA:58,0
LF:9
LH:0
BRF:0
BRH:0
end_of_record
TN:
SF:components/ui/alert-dialog.tsx
FNF:0
FNH:0
DA:3,0
DA:4,0
DA:6,0
DA:7,0
DA:9,0
DA:11,0
DA:13,0
DA:28,0
DA:46,0
DA:60,0
DA:74,0
DA:86,0
DA:98,0
DA:111,0
DA:127,0
DA:130,0
DA:131,0
DA:132,0
DA:133,0
DA:134,0
DA:135,0
DA:136,0
DA:137,0
DA:138,0
DA:139,0
DA:140,0
LF:26
LH:0
BRF:0
BRH:0
end_of_record
TN:
SF:components/ui/alert.tsx
FNF:0
FNH:0
DA:1,0
DA:2,0
DA:4,0
DA:6,0
DA:33,0
DA:45,0
DA:57,0
DA:59,0
LF:8
LH:0
BRF:0
BRH:0
end_of_record
TN:
SF:components/ui/aspect-ratio.tsx
FNF:0
FNH:0
DA:3,0
DA:5,0
DA:7,0
LF:3
LH:0
BRF:0
BRH:0
end_of_record
TN:
SF:components/ui/avatar.tsx
FNF:0
FNH:0
DA:3,0
DA:4,0
DA:6,0
DA:21,0
DA:33,0
DA:48,0
DA:50,0
LF:7
LH:0
BRF:0
BRH:0
end_of_record
TN:
SF:components/ui/badge.tsx
FN:30,Badge
FNF:1
FNH:0
FNDA:0,Badge
DA:1,0
DA:2,0
DA:4,0
DA:6,0
DA:36,0
LF:5
LH:0
BRF:0
BRH:0
end_of_record
TN:
SF:components/ui/breadcrumb.tsx
FN:47,(anonymous_14)
FNF:1
FNH:0
FNDA:0,(anonymous_14)
DA:1,0
DA:2,0
DA:3,0
DA:5,0
DA:13,0
DA:28,0
DA:40,0
DA:42,0
DA:48,0
DA:58,0
DA:73,0
DA:89,0
DA:105,0
DA:108,0
DA:109,0
DA:110,0
DA:111,0
DA:112,0
DA:113,0
DA:114,0
LF:20
LH:0
BRDA:48,0,0,0
BRDA:48,0,1,0
BRDA:86,1,0,0
BRDA:86,1,1,0
BRF:4
BRH:0
end_of_record
TN:
SF:components/ui/button.tsx
FN:43,(anonymous_6)
FNF:1
FNH:0
FNDA:0,(anonymous_6)
DA:1,0
DA:2,0
DA:3,0
DA:5,0
DA:7,0
DA:42,0
DA:44,0
DA:54,0
DA:56,0
LF:9
LH:0
BRDA:43,0,0,0
BRDA:44,1,0,0
BRDA:44,1,1,0
BRF:3
BRH:0
end_of_record
TN:
SF:components/ui/calendar.tsx
FN:12,Calendar
FNF:1
FNH:0
FNDA:0,Calendar
DA:3,0
DA:4,0
DA:5,0
DA:7,0
DA:8,0
DA:64,0
DA:66,0
LF:7
LH:0
BRDA:15,0,0,0
BRF:1
BRH:0
end_of_record
TN:
SF:components/ui/card.tsx
FNF:0
FNH:0
DA:1,0
DA:3,0
DA:18,0
DA:30,0
DA:45,0
DA:57,0
DA:65,0
DA:77,0
DA:79,0
LF:9
LH:0
BRF:0
BRH:0
end_of_record
TN:
SF:components/ui/carousel.tsx
FN:35,useCarousel
FN:49,(anonymous_11)
FN:71,(anonymous_12)
FN:80,(anonymous_13)
FN:84,(anonymous_14)
FN:89,(anonymous_15)
FN:101,(anonymous_16)
FN:109,(anonymous_17)
FN:118,(anonymous_18)
FN:156,(anonymous_19)
FN:178,(anonymous_20)
FN:200,(anonymous_21)
FN:229,(anonymous_22)
FNF:13
FNH:0
FNDA:0,useCarousel
FNDA:0,(anonymous_11)
FNDA:0,(anonymous_12)
FNDA:0,(anonymous_13)
FNDA:0,(anonymous_14)
FNDA:0,(anonymous_15)
FNDA:0,(anonymous_16)
FNDA:0,(anonymous_17)
FNDA:0,(anonymous_18)
FNDA:0,(anonymous_19)
FNDA:0,(anonymous_20)
FNDA:0,(anonymous_21)
FNDA:0,(anonymous_22)
DA:3,0
DA:6,0
DA:7,0
DA:9,0
DA:10,0
DA:33,0
DA:36,0
DA:38,0
DA:39,0
DA:42,0
DA:45,0
DA:61,0
DA:68,0
DA:69,0
DA:71,0
DA:72,0
DA:73,0
DA:76,0
DA:77,0
DA:80,0
DA:81,0
DA:84,0
DA:85,0
DA:88,0
DA:90,0
DA:91,0
DA:92,0
DA:93,0
DA:94,0
DA:95,0
DA:101,0
DA:102,0
DA:103,0
DA:106,0
DA:109,0
DA:110,0
DA:111,0
DA:114,0
DA:115,0
DA:116,0
DA:118,0
DA:119,0
DA:151,0
DA:153,0
DA:157,0
DA:173,0
DA:175,0
DA:179,0
DA:195,0
DA:197,0
DA:201,0
DA:224,0
DA:226,0
DA:230,0
DA:253,0
DA:257,0
DA:258,0
DA:259,0
DA:260,0
DA:261,0
LF:60
LH:0
BRDA:38,0,0,0
BRDA:51,1,0,0
BRDA:64,2,0,0
BRDA:64,2,1,0
BRDA:72,3,0,0
BRDA:90,4,0,0
BRDA:90,4,1,0
BRDA:93,5,0,0
BRDA:102,6,0,0
BRDA:102,7,0,0
BRDA:102,7,1,0
BRDA:110,8,0,0
BRDA:130,9,0,0
BRDA:130,9,1,0
BRDA:130,10,0,0
BRDA:130,10,1,0
BRDA:165,11,0,0
BRDA:165,11,1,0
BRDA:188,12,0,0
BRDA:188,12,1,0
BRDA:200,13,0,0
BRDA:200,14,0,0
BRDA:210,15,0,0
BRDA:210,15,1,0
BRDA:229,16,0,0
BRDA:229,17,0,0
BRDA:239,18,0,0
BRDA:239,18,1,0
BRF:28
BRH:0
end_of_record
TN:
SF:components/ui/chart.tsx
FN:27,useChart
FN:45,(anonymous_11)
FN:70,(anonymous_12)
FN:72,(anonymous_13)
FN:84,(anonymous_14)
FN:87,(anonymous_15)
FN:116,(anonymous_16)
FN:136,(anonymous_17)
FN:188,(anonymous_18)
FN:269,(anonymous_19)
FN:288,(anonymous_20)
FN:320,getPayloadConfigFromPayload
FNF:12
FNH:0
FNDA:0,useChart
FNDA:0,(anonymous_11)
FNDA:0,(anonymous_12)
FNDA:0,(anonymous_13)
FNDA:0,(anonymous_14)
FNDA:0,(anonymous_15)
FNDA:0,(anonymous_16)
FNDA:0,(anonymous_17)
FNDA:0,(anonymous_18)
FNDA:0,(anonymous_19)
FNDA:0,(anonymous_20)
FNDA:0,getPayloadConfigFromPayload
DA:3,0
DA:4,0
DA:6,0
DA:9,0
DA:25,0
DA:28,0
DA:30,0
DA:31,0
DA:34,0
DA:37,0
DA:46,0
DA:47,0
DA:68,0
DA:70,0
DA:71,0
DA:72,0
DA:75,0
DA:76,0
DA:84,0
DA:89,0
DA:91,0
DA:103,0
DA:105,0
DA:134,0
DA:136,0
DA:137,0
DA:138,0
DA:141,0
DA:142,0
DA:143,0
DA:145,0
DA:149,0
DA:157,0
DA:158,0
DA:172,0
DA:173,0
DA:176,0
DA:189,0
DA:190,0
DA:191,0
DA:193,0
DA:257,0
DA:259,0
DA:261,0
DA:273,0
DA:275,0
DA:276,0
DA:289,0
DA:290,0
DA:292,0
DA:317,0
DA:325,0
DA:326,0
DA:330,0
DA:336,0
DA:338,0
DA:342,0
DA:343,0
DA:348,0
DA:353,0
DA:359,0
DA:360,0
DA:361,0
DA:362,0
DA:363,0
DA:364,0
LF:66
LH:0
BRDA:30,0,0,0
BRDA:47,1,0,0
BRDA:47,1,1,0
BRDA:72,2,0,0
BRDA:72,2,1,0
BRDA:75,3,0,0
BRDA:89,4,0,0
BRDA:89,4,1,0
BRDA:91,5,0,0
BRDA:91,5,1,0
BRDA:121,6,0,0
BRDA:122,7,0,0
BRDA:123,8,0,0
BRDA:137,9,0,0
BRDA:137,10,0,0
BRDA:137,10,1,0
BRDA:142,11,0,0
BRDA:142,11,1,0
BRDA:142,11,2,0
BRDA:142,11,3,0
BRDA:145,12,0,0
BRDA:145,12,1,0
BRDA:145,13,0,0
BRDA:145,13,1,0
BRDA:146,14,0,0
BRDA:146,14,1,0
BRDA:149,15,0,0
BRDA:157,16,0,0
BRDA:172,17,0,0
BRDA:172,18,0,0
BRDA:172,18,1,0
BRDA:176,19,0,0
BRDA:176,19,1,0
BRDA:186,20,0,0
BRDA:186,20,1,0
BRDA:189,21,0,0
BRDA:189,21,1,0
BRDA:189,21,2,0
BRDA:189,21,3,0
BRDA:191,22,0,0
BRDA:191,22,1,0
BRDA:191,22,2,0
BRDA:198,23,0,0
BRDA:198,23,1,0
BRDA:202,24,0,0
BRDA:201,25,0,0
BRDA:201,25,1,0
BRDA:201,25,2,0
BRDA:206,26,0,0
BRDA:208,27,0,0
BRDA:217,28,0,0
BRDA:217,28,1,0
BRDA:232,29,0,0
BRDA:232,29,1,0
BRDA:236,30,0,0
BRDA:236,30,1,0
BRDA:238,31,0,0
BRDA:238,31,1,0
BRDA:241,32,0,0
BRDA:270,33,0,0
BRDA:270,34,0,0
BRDA:275,35,0,0
BRDA:284,36,0,0
BRDA:284,36,1,0
BRDA:289,37,0,0
BRDA:289,37,1,0
BRDA:289,37,2,0
BRDA:300,38,0,0
BRDA:299,39,0,0
BRDA:299,39,1,0
BRDA:325,40,0,0
BRDA:325,41,0,0
BRDA:325,41,1,0
BRDA:330,42,0,0
BRDA:330,42,1,0
BRDA:330,43,0,0
BRDA:330,43,1,0
BRDA:330,43,2,0
BRDA:338,44,0,0
BRDA:338,44,1,0
BRDA:339,45,0,0
BRDA:339,45,1,0
BRDA:343,46,0,0
BRDA:344,47,0,0
BRDA:344,47,1,0
BRDA:344,47,2,0
BRDA:353,48,0,0
BRDA:353,48,1,0
BRF:88
BRH:0
end_of_record
TN:
SF:components/ui/checkbox.tsx
FNF:0
FNH:0
DA:3,0
DA:4,0
DA:5,0
DA:7,0
DA:28,0
DA:30,0
LF:6
LH:0
BRF:0
BRH:0
end_of_record
TN:
SF:components/ui/collapsible.tsx
FNF:0
FNH:0
DA:3,0
DA:5,0
DA:7,0
DA:9,0
DA:11,0
LF:5
LH:0
BRF:0
BRH:0
end_of_record
TN:
SF:components/ui/command.tsx
FN:26,(anonymous_14)
FN:127,(anonymous_21)
FNF:2
FNH:0
FNDA:0,(anonymous_14)
FNDA:0,(anonymous_21)
DA:3,0
DA:5,0
DA:6,0
DA:8,0
DA:9,0
DA:24,0
DA:26,0
DA:55,0
DA:68,0
DA:81,0
DA:97,0
DA:109,0
DA:125,0
DA:127,0
DA:141,0
DA:144,0
DA:145,0
DA:146,0
DA:147,0
DA:148,0
DA:149,0
DA:150,0
DA:151,0
DA:152,0
LF:24
LH:0
BRF:0
BRH:0
end_of_record
TN:
SF:components/ui/context-menu.tsx
FN:168,(anonymous_27)
FNF:1
FNH:0
FNDA:0,(anonymous_27)
DA:3,0
DA:4,0
DA:5,0
DA:7,0
DA:9,0
DA:11,0
DA:13,0
DA:15,0
DA:17,0
DA:19,0
DA:40,0
DA:55,0
DA:72,0
DA:90,0
DA:113,0
DA:136,0
DA:154,0
DA:166,0
DA:168,0
DA:182,0
DA:185,0
DA:186,0
DA:187,0
DA:188,0
DA:189,0
DA:190,0
DA:191,0
DA:192,0
DA:193,0
DA:194,0
DA:195,0
DA:196,0
DA:197,0
DA:198,0
DA:199,0
LF:35
LH:0
BRDA:31,0,0,0
BRDA:31,0,1,0
BRDA:84,1,0,0
BRDA:84,1,1,0
BRDA:148,2,0,0
BRDA:148,2,1,0
BRF:6
BRH:0
end_of_record
TN:
SF:components/ui/dialog.tsx
FNF:0
FNH:0
DA:3,0
DA:4,0
DA:5,0
DA:7,0
DA:9,0
DA:11,0
DA:13,0
DA:15,0
DA:30,0
DA:54,0
DA:68,0
DA:82,0
DA:97,0
DA:109,0
DA:112,0
DA:113,0
DA:114,0
DA:115,0
DA:116,0
DA:117,0
DA:118,0
DA:119,0
DA:120,0
DA:121,0
LF:24
LH:0
BRF:0
BRH:0
end_of_record
TN:
SF:components/ui/drawer.tsx
FNF:0
FNH:0
DA:3,0
DA:4,0
DA:6,0
DA:17,0
DA:19,0
DA:21,0
DA:23,0
DA:35,0
DA:56,0
DA:67,0
DA:78,0
DA:93,0
DA:105,0
DA:108,0
DA:109,0
DA:110,0
DA:111,0
DA:112,0
DA:113,0
DA:114,0
DA:115,0
DA:116,0
DA:117,0
LF:23
LH:0
BRDA:9,0,0,0
BRF:1
BRH:0
end_of_record
TN:
SF:components/ui/dropdown-menu.tsx
FN:171,(anonymous_27)
FNF:1
FNH:0
FNDA:0,(anonymous_27)
DA:3,0
DA:4,0
DA:5,0
DA:7,0
DA:9,0
DA:11,0
DA:13,0
DA:15,0
DA:17,0
DA:19,0
DA:40,0
DA:56,0
DA:75,0
DA:93,0
DA:116,0
DA:139,0
DA:157,0
DA:169,0
DA:171,0
DA:182,0
DA:185,0
DA:186,0
DA:187,0
DA:188,0
DA:189,0
DA:190,0
DA:191,0
DA:192,0
DA:193,0
DA:194,0
DA:195,0
DA:196,0
DA:197,0
DA:198,0
DA:199,0
LF:35
LH:0
BRDA:31,0,0,0
BRDA:31,0,1,0
BRDA:62,1,0,0
BRDA:87,2,0,0
BRDA:87,2,1,0
BRDA:151,3,0,0
BRDA:151,3,1,0
BRF:7
BRH:0
end_of_record
TN:
SF:components/ui/form.tsx
FN:31,(anonymous_12)
FN:44,(anonymous_13)
FN:78,(anonymous_14)
FN:92,(anonymous_15)
FN:109,(anonymous_16)
FN:131,(anonymous_17)
FN:148,(anonymous_18)
FNF:7
FNH:0
FNDA:0,(anonymous_12)
FNDA:0,(anonymous_13)
FNDA:0,(anonymous_14)
FNDA:0,(anonymous_15)
FNDA:0,(anonymous_16)
FNDA:0,(anonymous_17)
FNDA:0,(anonymous_18)
DA:3,0
DA:5,0
DA:13,0
DA:15,0
DA:16,0
DA:18,0
DA:27,0
DA:31,0
DA:44,0
DA:45,0
DA:46,0
DA:47,0
DA:49,0
DA:51,0
DA:52,0
DA:55,0
DA:57,0
DA:71,0
DA:75,0
DA:79,0
DA:87,0
DA:89,0
DA:93,0
DA:104,0
DA:106,0
DA:110,0
DA:126,0
DA:128,0
DA:132,0
DA:143,0
DA:145,0
DA:149,0
DA:150,0
DA:152,0
DA:153,0
DA:167,0
DA:170,0
DA:171,0
DA:172,0
DA:173,0
DA:174,0
DA:175,0
DA:176,0
DA:177,0
LF:44
LH:0
BRDA:51,0,0,0
BRDA:98,1,0,0
BRDA:98,1,1,0
BRDA:117,2,0,0
BRDA:117,2,1,0
BRDA:150,3,0,0
BRDA:150,3,1,0
BRDA:152,4,0,0
BRF:8
BRH:0
end_of_record
TN:
SF:components/ui/hover-card.tsx
FNF:0
FNH:0
DA:3,0
DA:4,0
DA:6,0
DA:8,0
DA:10,0
DA:27,0
DA:29,0
LF:7
LH:0
BRDA:15,0,0,0
BRDA:15,1,0,0
BRF:2
BRH:0
end_of_record
TN:
SF:components/ui/input-otp.tsx
FN:36,(anonymous_10)
FNF:1
FNH:0
FNDA:0,(anonymous_10)
DA:3,0
DA:4,0
DA:5,0
DA:7,0
DA:23,0
DA:31,0
DA:33,0
DA:37,0
DA:38,0
DA:59,0
DA:69,0
DA:71,0
LF:12
LH:0
BRDA:45,0,0,0
BRDA:45,0,1,0
BRDA:51,1,0,0
BRF:3
BRH:0
end_of_record
TN:
SF:components/ui/input.tsx
FN:6,(anonymous_4)
FNF:1
FNH:0
FNDA:0,(anonymous_4)
DA:1,0
DA:3,0
DA:5,0
DA:20,0
DA:22,0
LF:5
LH:0
BRF:0
BRH:0
end_of_record
TN:
SF:components/ui/label.tsx
FNF:0
FNH:0
DA:3,0
DA:4,0
DA:5,0
DA:7,0
DA:9,0
DA:24,0
DA:26,0
LF:7
LH:0
BRF:0
BRH:0
end_of_record
TN:
SF:components/ui/menubar.tsx
FN:203,(anonymous_30)
FNF:1
FNH:0
FNDA:0,(anonymous_30)
DA:3,0
DA:4,0
DA:5,0
DA:7,0
DA:9,0
DA:11,0
DA:13,0
DA:15,0
DA:17,0
DA:32,0
DA:47,0
DA:68,0
DA:83,0
DA:108,0
DA:126,0
DA:149,0
DA:171,0
DA:189,0
DA:201,0
DA:203,0
DA:217,0
DA:220,0
DA:221,0
DA:222,0
DA:223,0
DA:224,0
DA:225,0
DA:226,0
DA:227,0
DA:228,0
DA:229,0
DA:230,0
DA:231,0
DA:232,0
DA:233,0
DA:234,0
DA:235,0
LF:37
LH:0
BRDA:59,0,0,0
BRDA:59,0,1,0
BRDA:90,1,0,0
BRDA:90,2,0,0
BRDA:90,3,0,0
BRDA:120,4,0,0
BRDA:120,4,1,0
BRDA:183,5,0,0
BRDA:183,5,1,0
BRF:9
BRH:0
end_of_record
TN:
SF:components/ui/navigation-menu.tsx
FNF:0
FNH:0
DA:1,0
DA:2,0
DA:3,0
DA:4,0
DA:6,0
DA:24,0
DA:39,0
DA:41,0
DA:43,0
DA:63,0
DA:78,0
DA:80,0
DA:97,0
DA:115,0
DA:119,0
DA:120,0
DA:121,0
DA:122,0
DA:123,0
DA:124,0
DA:125,0
DA:126,0
DA:127,0
LF:23
LH:0
BRF:0
BRH:0
end_of_record
TN:
SF:components/ui/pagination.tsx
FNF:0
FNH:0
DA:1,0
DA:2,0
DA:4,0
DA:5,0
DA:15,0
DA:27,0
DA:35,0
DA:60,0
DA:76,0
DA:92,0
DA:107,0
DA:110,0
DA:111,0
DA:112,0
DA:113,0
DA:114,0
DA:115,0
DA:116,0
LF:18
LH:0
BRDA:45,0,0,0
BRDA:49,1,0,0
BRDA:49,1,1,0
BRDA:52,2,0,0
BRDA:52,2,1,0
BRF:5
BRH:0
end_of_record
TN:
SF:components/ui/popover.tsx
FNF:0
FNH:0
DA:3,0
DA:4,0
DA:6,0
DA:8,0
DA:10,0
DA:29,0
DA:31,0
LF:7
LH:0
BRDA:15,0,0,0
BRDA:15,1,0,0
BRF:2
BRH:0
end_of_record
TN:
SF:components/ui/progress.tsx
FNF:0
FNH:0
DA:3,0
DA:4,0
DA:6,0
DA:26,0
DA:28,0
LF:5
LH:0
BRDA:22,0,0,0
BRDA:22,0,1,0
BRF:2
BRH:0
end_of_record
TN:
SF:components/ui/radio-group.tsx
FN:12,(anonymous_6)
FN:26,(anonymous_7)
FNF:2
FNH:0
FNDA:0,(anonymous_6)
FNDA:0,(anonymous_7)
DA:3,0
DA:4,0
DA:5,0
DA:7,0
DA:9,0
DA:21,0
DA:23,0
DA:42,0
DA:44,0
LF:9
LH:0
BRF:0
BRH:0
end_of_record
TN:
SF:components/ui/resizable.tsx
FNF:0
FNH:0
DA:3,0
DA:4,0
DA:6,0
DA:21,0
DA:45,0
LF:5
LH:0
BRDA:37,0,0,0
BRF:1
BRH:0
end_of_record
TN:
SF:components/ui/scroll-area.tsx
FNF:0
FNH:0
DA:3,0
DA:4,0
DA:6,0
DA:24,0
DA:46,0
DA:48,0
LF:6
LH:0
BRDA:29,0,0,0
BRDA:35,1,0,0
BRDA:35,1,1,0
BRDA:37,2,0,0
BRDA:37,2,1,0
BRF:5
BRH:0
end_of_record
TN:
SF:components/ui/select.tsx
FNF:0
FNH:0
DA:3,0
DA:4,0
DA:5,0
DA:7,0
DA:9,0
DA:11,0
DA:13,0
DA:33,0
DA:50,0
DA:67,0
DA:100,0
DA:112,0
DA:135,0
DA:147,0
DA:150,0
DA:151,0
DA:152,0
DA:153,0
DA:154,0
DA:155,0
DA:156,0
DA:157,0
DA:158,0
DA:159,0
LF:24
LH:0
BRDA:73,0,0,0
BRDA:79,1,0,0
BRDA:79,1,1,0
BRDA:90,2,0,0
BRDA:90,2,1,0
BRF:5
BRH:0
end_of_record
TN:
SF:components/ui/separator.tsx
FNF:0
FNH:0
DA:3,0
DA:4,0
DA:6,0
DA:29,0
DA:31,0
LF:5
LH:0
BRDA:13,0,0,0
BRDA:13,1,0,0
BRDA:22,2,0,0
BRDA:22,2,1,0
BRF:4
BRH:0
end_of_record
TN:
SF:components/ui/sheet.tsx
FNF:0
FNH:0
DA:3,0
DA:4,0
DA:5,0
DA:6,0
DA:8,0
DA:10,0
DA:12,0
DA:14,0
DA:16,0
DA:31,0
DA:33,0
DA:75,0
DA:89,0
DA:103,0
DA:115,0
DA:127,0
DA:130,0
DA:131,0
DA:132,0
DA:133,0
DA:134,0
DA:135,0
DA:136,0
DA:137,0
DA:138,0
DA:139,0
LF:26
LH:0
BRDA:59,0,0,0
BRF:1
BRH:0
end_of_record
TN:
SF:components/ui/sidebar.tsx
FN:41,useSidebar
FN:58,(anonymous_29)
FN:78,(anonymous_30)
FN:93,(anonymous_31)
FN:95,(anonymous_32)
FN:96,(anonymous_33)
FN:100,(anonymous_34)
FN:101,(anonymous_35)
FN:112,(anonymous_36)
FN:120,(anonymous_37)
FN:167,(anonymous_38)
FN:265,(anonymous_39)
FN:275,(anonymous_40)
FN:291,(anonymous_41)
FN:320,(anonymous_42)
FN:338,(anonymous_43)
FN:356,(anonymous_44)
FN:371,(anonymous_45)
FN:386,(anonymous_46)
FN:401,(anonymous_47)
FN:419,(anonymous_48)
FN:434,(anonymous_49)
FN:455,(anonymous_50)
FN:544,(anonymous_54)
FN:601,(anonymous_55)
FN:652,(anonymous_57)
FN:654,(anonymous_58)
FN:715,(anonymous_61)
FNF:28
FNH:0
FNDA:0,useSidebar
FNDA:0,(anonymous_29)
FNDA:0,(anonymous_30)
FNDA:0,(anonymous_31)
FNDA:0,(anonymous_32)
FNDA:0,(anonymous_33)
FNDA:0,(anonymous_34)
FNDA:0,(anonymous_35)
FNDA:0,(anonymous_36)
FNDA:0,(anonymous_37)
FNDA:0,(anonymous_38)
FNDA:0,(anonymous_39)
FNDA:0,(anonymous_40)
FNDA:0,(anonymous_41)
FNDA:0,(anonymous_42)
FNDA:0,(anonymous_43)
FNDA:0,(anonymous_44)
FNDA:0,(anonymous_45)
FNDA:0,(anonymous_46)
FNDA:0,(anonymous_47)
FNDA:0,(anonymous_48)
FNDA:0,(anonymous_49)
FNDA:0,(anonymous_50)
FNDA:0,(anonymous_54)
FNDA:0,(anonymous_55)
FNDA:0,(anonymous_57)
FNDA:0,(anonymous_58)
FNDA:0,(anonymous_61)
DA:3,0
DA:4,0
DA:5,0
DA:6,0
DA:8,0
DA:9,0
DA:10,0
DA:11,0
DA:12,0
DA:13,0
DA:14,0
DA:20,0
DA:22,0
DA:23,0
DA:24,0
DA:25,0
DA:26,0
DA:27,0
DA:39,0
DA:42,0
DA:43,0
DA:44,0
DA:47,0
DA:50,0
DA:70,0
DA:71,0
DA:75,0
DA:76,0
DA:77,0
DA:79,0
DA:80,0
DA:81,0
DA:83,0
DA:87,0
DA:93,0
DA:94,0
DA:95,0
DA:96,0
DA:100,0
DA:101,0
DA:102,0
DA:106,0
DA:107,0
DA:111,0
DA:112,0
DA:117,0
DA:119,0
DA:120,0
DA:157,0
DA:159,0
DA:178,0
DA:180,0
DA:195,0
DA:260,0
DA:262,0
DA:266,0
DA:276,0
DA:277,0
DA:286,0
DA:288,0
DA:292,0
DA:315,0
DA:317,0
DA:333,0
DA:335,0
DA:351,0
DA:353,0
DA:366,0
DA:368,0
DA:381,0
DA:383,0
DA:396,0
DA:398,0
DA:414,0
DA:416,0
DA:429,0
DA:431,0
DA:435,0
DA:450,0
DA:452,0
DA:456,0
DA:473,0
DA:486,0
DA:499,0
DA:512,0
DA:514,0
DA:536,0
DA:556,0
DA:557,0
DA:570,0
DA:571,0
DA:574,0
DA:575,0
DA:593,0
DA:595,0
DA:602,0
DA:624,0
DA:645,0
DA:647,0
DA:654,0
DA:655,0
DA:683,0
DA:700,0
DA:706,0
DA:708,0
DA:716,0
DA:736,0
DA:739,0
DA:740,0
DA:741,0
DA:742,0
DA:743,0
DA:744,0
DA:745,0
DA:746,0
DA:747,0
DA:748,0
DA:749,0
DA:750,0
DA:751,0
DA:752,0
DA:753,0
DA:754,0
DA:755,0
DA:756,0
DA:757,0
DA:758,0
DA:759,0
DA:760,0
DA:761,0
DA:762,0
LF:131
LH:0
BRDA:43,0,0,0
BRDA:60,1,0,0
BRDA:76,2,0,0
BRDA:76,2,1,0
BRDA:79,3,0,0
BRDA:79,3,1,0
BRDA:80,4,0,0
BRDA:80,4,1,0
BRDA:94,5,0,0
BRDA:94,5,1,0
BRDA:102,6,0,0
BRDA:103,7,0,0
BRDA:103,7,1,0
BRDA:103,7,2,0
BRDA:117,8,0,0
BRDA:117,8,1,0
BRDA:169,9,0,0
BRDA:170,10,0,0
BRDA:171,11,0,0
BRDA:180,12,0,0
BRDA:195,13,0,0
BRDA:220,14,0,0
BRDA:220,14,1,0
BRDA:230,15,0,0
BRDA:230,15,1,0
BRDA:230,16,0,0
BRDA:230,16,1,0
BRDA:238,17,0,0
BRDA:238,17,1,0
BRDA:242,18,0,0
BRDA:242,18,1,0
BRDA:242,19,0,0
BRDA:242,19,1,0
BRDA:434,20,0,0
BRDA:435,21,0,0
BRDA:435,21,1,0
BRDA:455,22,0,0
BRDA:456,23,0,0
BRDA:456,23,1,0
BRDA:546,24,0,0
BRDA:547,25,0,0
BRDA:548,26,0,0
BRDA:549,27,0,0
BRDA:556,28,0,0
BRDA:556,28,1,0
BRDA:570,29,0,0
BRDA:574,30,0,0
BRDA:586,31,0,0
BRDA:586,31,1,0
BRDA:601,32,0,0
BRDA:601,33,0,0
BRDA:602,34,0,0
BRDA:602,34,1,0
BRDA:616,35,0,0
BRDA:616,35,1,0
BRDA:652,36,0,0
BRDA:665,37,0,0
BRDA:715,38,0,0
BRDA:715,39,0,0
BRDA:716,40,0,0
BRDA:716,40,1,0
BRDA:727,41,0,0
BRDA:727,41,1,0
BRDA:728,42,0,0
BRDA:728,42,1,0
BRF:65
BRH:0
end_of_record
TN:
SF:components/ui/skeleton.tsx
FN:3,Skeleton
FNF:1
FNH:0
FNDA:0,Skeleton
DA:1,0
DA:15,0
LF:2
LH:0
BRF:0
BRH:0
end_of_record
TN:
SF:components/ui/slider.tsx
FNF:0
FNH:0
DA:3,0
DA:4,0
DA:6,0
DA:26,0
DA:28,0
LF:5
LH:0
BRF:0
BRH:0
end_of_record
TN:
SF:components/ui/sonner.tsx
FN:8,(anonymous_1)
FNF:1
FNH:0
FNDA:0,(anonymous_1)
DA:3,0
DA:4,0
DA:8,0
DA:9,0
DA:31,0
LF:5
LH:0
BRDA:9,0,0,0
BRF:1
BRH:0
end_of_record
TN:
SF:components/ui/switch.tsx
FNF:0
FNH:0
DA:3,0
DA:4,0
DA:6,0
DA:27,0
DA:29,0
LF:5
LH:0
BRF:0
BRH:0
end_of_record
TN:
SF:components/ui/table.tsx
FNF:0
FNH:0
DA:1,0
DA:3,0
DA:17,0
DA:25,0
DA:37,0
DA:52,0
DA:67,0
DA:82,0
DA:94,0
DA:106,0
DA:109,0
DA:110,0
DA:111,0
DA:112,0
DA:113,0
DA:114,0
DA:115,0
DA:116,0
LF:18
LH:0
BRF:0
BRH:0
end_of_record
TN:
SF:components/ui/tabs.tsx
FNF:0
FNH:0
DA:3,0
DA:4,0
DA:6,0
DA:8,0
DA:23,0
DA:38,0
DA:53,0
DA:55,0
LF:8
LH:0
BRF:0
BRH:0
end_of_record
TN:
SF:components/ui/textarea.tsx
FN:8,(anonymous_4)
FNF:1
FNH:0
FNDA:0,(anonymous_4)
DA:1,0
DA:3,0
DA:5,0
DA:20,0
DA:22,0
LF:5
LH:0
BRF:0
BRH:0
end_of_record
TN:
SF:components/ui/toast.tsx
FN:47,(anonymous_12)
FNF:1
FNH:0
FNDA:0,(anonymous_12)
DA:3,0
DA:4,0
DA:5,0
DA:6,0
DA:8,0
DA:10,0
DA:25,0
DA:27,0
DA:43,0
DA:56,0
DA:71,0
DA:89,0
DA:101,0
DA:113,0
DA:122,0
DA:123,0
DA:124,0
DA:125,0
DA:126,0
DA:127,0
DA:128,0
LF:21
LH:0
BRF:0
BRH:0
end_of_record
TN:
SF:components/ui/toaster.tsx
FN:13,Toaster
FN:18,(anonymous_2)
FNF:2
FNH:0
FNDA:0,Toaster
FNDA:0,(anonymous_2)
DA:3,0
DA:11,0
DA:13,0
DA:14,0
DA:19,0
LF:5
LH:0
BRDA:22,0,0,0
BRDA:23,1,0,0
BRF:2
BRH:0
end_of_record
TN:
SF:components/ui/toggle-group.tsx
FN:39,(anonymous_7)
FNF:1
FNH:0
FNDA:0,(anonymous_7)
DA:3,0
DA:4,0
DA:7,0
DA:8,0
DA:10,0
DA:33,0
DA:35,0
DA:40,0
DA:59,0
DA:61,0
LF:10
LH:0
BRDA:47,0,0,0
BRDA:47,0,1,0
BRDA:48,1,0,0
BRDA:48,1,1,0
BRF:4
BRH:0
end_of_record
TN:
SF:components/ui/toggle.tsx
FNF:0
FNH:0
DA:3,0
DA:4,0
DA:5,0
DA:7,0
DA:9,0
DA:43,0
DA:45,0
LF:7
LH:0
BRF:0
BRH:0
end_of_record
TN:
SF:components/ui/tooltip.tsx
FNF:0
FNH:0
DA:3,0
DA:4,0
DA:6,0
DA:8,0
DA:10,0
DA:12,0
DA:28,0
DA:30,0
LF:8
LH:0
BRDA:17,0,0,0
BRF:1
BRH:0
end_of_record
TN:
SF:components/ui/use-mobile.tsx
FN:5,useIsMobile
FN:8,(anonymous_5)
FN:10,(anonymous_6)
FN:15,(anonymous_7)
FNF:4
FNH:0
FNDA:0,useIsMobile
FNDA:0,(anonymous_5)
FNDA:0,(anonymous_6)
FNDA:0,(anonymous_7)
DA:1,0
DA:3,0
DA:5,0
DA:6,0
DA:8,0
DA:9,0
DA:10,0
DA:11,0
DA:13,0
DA:14,0
DA:15,0
DA:18,0
LF:12
LH:0
BRF:0
BRH:0
end_of_record
TN:
SF:components/ui/use-toast.ts
FN:30,genId
FN:61,(anonymous_8)
FN:66,(anonymous_9)
FN:77,(anonymous_10)
FN:88,(anonymous_11)
FN:101,(anonymous_12)
FN:108,(anonymous_13)
FN:127,(anonymous_14)
FN:136,dispatch
FN:138,(anonymous_16)
FN:145,toast
FN:148,(anonymous_18)
FN:153,(anonymous_19)
FN:161,(anonymous_20)
FN:174,useToast
FN:177,(anonymous_22)
FN:179,(anonymous_23)
FN:190,(anonymous_24)
FNF:18
FNH:0
FNDA:0,genId
FNDA:0,(anonymous_8)
FNDA:0,(anonymous_9)
FNDA:0,(anonymous_10)
FNDA:0,(anonymous_11)
FNDA:0,(anonymous_12)
FNDA:0,(anonymous_13)
FNDA:0,(anonymous_14)
FNDA:0,dispatch
FNDA:0,(anonymous_16)
FNDA:0,toast
FNDA:0,(anonymous_18)
FNDA:0,(anonymous_19)
FNDA:0,(anonymous_20)
FNDA:0,useToast
FNDA:0,(anonymous_22)
FNDA:0,(anonymous_23)
FNDA:0,(anonymous_24)
DA:4,0
DA:11,0
DA:12,0
DA:21,0
DA:28,0
DA:31,0
DA:32,0
DA:59,0
DA:61,0
DA:62,0
DA:63,0
DA:66,0
DA:67,0
DA:68,0
DA:74,0
DA:77,0
DA:78,0
DA:80,0
DA:86,0
DA:89,0
DA:94,0
DA:98,0
DA:99,0
DA:101,0
DA:102,0
DA:106,0
DA:109,0
DA:119,0
DA:120,0
DA:125,0
DA:127,0
DA:132,0
DA:134,0
DA:137,0
DA:138,0
DA:139,0
DA:146,0
DA:148,0
DA:149,0
DA:153,0
DA:155,0
DA:162,0
DA:167,0
DA:175,0
DA:177,0
DA:178,0
DA:179,0
DA:180,0
DA:181,0
DA:182,0
DA:187,0
DA:190,0
DA:194,0
LF:53
LH:0
BRDA:62,0,0,0
BRDA:78,1,0,0
BRDA:78,1,1,0
BRDA:78,1,2,0
BRDA:78,1,3,0
BRDA:89,2,0,0
BRDA:89,2,1,0
BRDA:98,3,0,0
BRDA:98,3,1,0
BRDA:109,4,0,0
BRDA:109,4,1,0
BRDA:109,5,0,0
BRDA:109,5,1,0
BRDA:119,6,0,0
BRDA:162,7,0,0
BRDA:181,8,0,0
BRF:16
BRH:0
end_of_record
TN:
SF:lib/AuthContext.tsx
FN:14,(anonymous_3)
FN:17,(anonymous_4)
FN:24,(anonymous_5)
FN:29,(anonymous_6)
FN:37,(anonymous_7)
FNF:5
FNH:5
FNDA:3,(anonymous_3)
FNDA:1,(anonymous_4)
FNDA:1,(anonymous_5)
FNDA:1,(anonymous_6)
FNDA:3,(anonymous_7)
DA:4,1
DA:12,1
DA:14,1
DA:15,3
DA:17,3
DA:18,1
DA:19,1
DA:20,0
DA:24,3
DA:25,1
DA:26,1
DA:29,3
DA:30,1
DA:31,1
DA:37,3
DA:38,3
DA:39,3
DA:40,0
DA:42,3
LF:19
LH:17
BRDA:19,0,0,0
BRDA:39,1,0,0
BRF:2
BRH:0
end_of_record
TN:
SF:lib/errorHandler.ts
FN:2,(anonymous_3)
FN:11,handleApiError
FNF:2
FNH:2
FNDA:4,(anonymous_3)
FNDA:3,handleApiError
DA:1,4
DA:3,4
DA:6,4
DA:7,4
DA:11,3
DA:12,3
DA:13,1
DA:15,2
DA:16,1
DA:18,1
LF:10
LH:10
BRDA:12,0,0,1
BRDA:15,1,0,1
BRF:2
BRH:2
end_of_record
TN:
SF:lib/utils.ts
FN:4,cn
FNF:1
FNH:0
FNDA:0,cn
DA:1,0
DA:2,0
DA:4,0
DA:5,0
LF:4
LH:0
BRF:0
BRH:0
end_of_record
TN:
SF:src/components/ErrorAnnouncer.tsx
FN:8,(anonymous_1)
FN:11,(anonymous_2)
FNF:2
FNH:2
FNDA:228,(anonymous_1)
FNDA:153,(anonymous_2)
DA:2,3
DA:8,166
DA:9,228
DA:11,228
DA:12,153
DA:13,153
DA:14,1
DA:16,152
LF:8
LH:8
BRDA:13,0,0,1
BRDA:13,0,1,152
BRF:2
BRH:2
end_of_record
TN:
SF:src/components/ErrorBoundary.tsx
FN:19,(anonymous_2)
FN:23,(anonymous_3)
FN:29,(anonymous_4)
FNF:3
FNH:0
FNDA:0,(anonymous_2)
FNDA:0,(anonymous_3)
FNDA:0,(anonymous_4)
DA:1,0
DA:2,0
DA:14,0
DA:20,0
DA:24,0
DA:30,0
DA:34,0
DA:38,0
LF:8
LH:0
BRDA:30,0,0,0
BRF:1
BRH:0
end_of_record
TN:
SF:src/components/ErrorMessage.tsx
FN:9,(anonymous_2)
FNF:1
FNH:1
FNDA:1,(anonymous_2)
DA:1,3
DA:8,3
DA:18,3
LF:3
LH:3
BRF:0
BRH:0
end_of_record
TN:
SF:src/components/ErrorPage.tsx
FN:7,(anonymous_1)
FN:30,(anonymous_2)
FNF:2
FNH:0
FNDA:0,(anonymous_1)
FNDA:0,(anonymous_2)
DA:7,0
DA:30,0
DA:42,0
LF:3
LH:0
BRDA:23,0,0,0
BRDA:23,0,1,0
BRF:2
BRH:0
end_of_record
TN:
SF:src/components/ForgotPassword.tsx
FN:20,(anonymous_1)
FN:30,(anonymous_2)
FN:43,(anonymous_3)
FN:61,(anonymous_4)
FN:73,(anonymous_5)
FNF:5
FNH:4
FNDA:131,(anonymous_1)
FNDA:108,(anonymous_2)
FNDA:6,(anonymous_3)
FNDA:6,(anonymous_4)
FNDA:0,(anonymous_5)
DA:9,1
DA:10,1
DA:11,1
DA:12,1
DA:13,1
DA:14,1
DA:20,17
DA:21,131
DA:22,131
DA:23,131
DA:24,131
DA:25,131
DA:30,131
DA:31,108
DA:32,108
DA:35,108
DA:36,0
DA:43,131
DA:44,6
DA:45,0
DA:46,0
DA:49,6
DA:50,0
DA:51,0
DA:54,6
DA:61,131
DA:62,6
DA:64,6
DA:65,6
DA:66,6
DA:68,6
DA:69,6
DA:74,0
DA:75,0
DA:79,0
DA:83,6
DA:84,6
DA:89,131
LF:38
LH:30
BRDA:35,0,0,0
BRDA:44,1,0,0
BRDA:44,2,0,6
BRDA:44,2,1,6
BRDA:49,3,0,0
BRDA:64,4,0,6
BRDA:89,5,0,131
BRDA:89,5,1,131
BRDA:116,6,0,0
BRDA:116,6,1,131
BRDA:117,7,0,0
BRDA:117,7,1,131
BRDA:119,8,0,131
BRDA:128,9,0,0
BRDA:128,9,1,131
BRDA:131,10,0,131
BRDA:131,10,1,0
BRF:17
BRH:10
end_of_record
TN:
SF:src/components/LoadingSpinner.tsx
FN:7,(anonymous_1)
FNF:1
FNH:1
FNDA:3,(anonymous_1)
DA:7,3
DA:8,3
LF:2
LH:2
BRDA:7,0,0,3
BRF:1
BRH:1
end_of_record
TN:
SF:src/components/Login.tsx
FN:18,(anonymous_1)
FN:33,(anonymous_2)
FN:42,(anonymous_3)
FNF:3
FNH:0
FNDA:0,(anonymous_1)
FNDA:0,(anonymous_2)
FNDA:0,(anonymous_3)
DA:2,0
DA:3,0
DA:4,0
DA:5,0
DA:6,0
DA:7,0
DA:8,0
DA:9,0
DA:10,0
DA:12,0
DA:18,0
DA:19,0
DA:20,0
DA:24,0
DA:25,0
DA:33,0
DA:34,0
DA:35,0
DA:36,0
DA:37,0
DA:38,0
DA:43,0
DA:44,0
DA:45,0
DA:49,0
LF:25
LH:0
BRDA:35,0,0,0
BRDA:72,1,0,0
BRDA:72,1,1,0
BRDA:73,2,0,0
BRDA:73,2,1,0
BRDA:75,3,0,0
BRDA:89,4,0,0
BRDA:89,4,1,0
BRDA:90,5,0,0
BRDA:90,5,1,0
BRDA:92,6,0,0
BRDA:96,7,0,0
BRDA:96,7,1,0
BRDA:100,8,0,0
BRDA:100,8,1,0
BRDA:102,9,0,0
BRF:16
BRH:0
end_of_record
TN:
SF:src/components/ProtectedRoute.tsx
FN:5,(anonymous_1)
FNF:1
FNH:0
FNDA:0,(anonymous_1)
DA:1,0
DA:2,0
DA:5,0
DA:6,0
DA:7,0
DA:9,0
DA:10,0
DA:11,0
LF:8
LH:0
BRDA:9,0,0,0
BRF:1
BRH:0
end_of_record
TN:
SF:src/components/Register.tsx
FN:15,(anonymous_1)
FN:23,(anonymous_2)
FN:34,(anonymous_3)
FN:46,(anonymous_4)
FNF:4
FNH:0
FNDA:0,(anonymous_1)
FNDA:0,(anonymous_2)
FNDA:0,(anonymous_3)
FNDA:0,(anonymous_4)
DA:2,0
DA:3,0
DA:4,0
DA:5,0
DA:6,0
DA:7,0
DA:8,0
DA:9,0
DA:15,0
DA:17,0
DA:23,0
DA:28,0
DA:34,0
DA:35,0
DA:36,0
DA:37,0
DA:38,0
DA:47,0
DA:51,0
LF:19
LH:0
BRDA:36,0,0,0
BRDA:74,1,0,0
BRDA:74,1,1,0
BRDA:75,2,0,0
BRDA:75,2,1,0
BRDA:77,3,0,0
BRDA:91,4,0,0
BRDA:91,4,1,0
BRDA:92,5,0,0
BRDA:92,5,1,0
BRDA:94,6,0,0
BRDA:108,7,0,0
BRDA:108,7,1,0
BRDA:109,8,0,0
BRDA:109,8,1,0
BRDA:111,9,0,0
BRDA:125,10,0,0
BRDA:125,10,1,0
BRDA:126,11,0,0
BRDA:126,11,1,0
BRDA:128,12,0,0
BRDA:132,13,0,0
BRDA:132,13,1,0
BRDA:136,14,0,0
BRDA:136,14,1,0
BRF:25
BRH:0
end_of_record
TN:
SF:src/components/ResetPassword.tsx
FN:23,getPasswordStrength
FN:43,(anonymous_2)
FN:55,(anonymous_3)
FN:64,(anonymous_4)
FN:78,(anonymous_5)
FN:91,(anonymous_6)
FN:121,(anonymous_7)
FN:138,(anonymous_8)
FN:140,(anonymous_9)
FN:160,(anonymous_10)
FNF:10
FNH:0
FNDA:0,getPasswordStrength
FNDA:0,(anonymous_2)
FNDA:0,(anonymous_3)
FNDA:0,(anonymous_4)
FNDA:0,(anonymous_5)
FNDA:0,(anonymous_6)
FNDA:0,(anonymous_7)
FNDA:0,(anonymous_8)
FNDA:0,(anonymous_9)
FNDA:0,(anonymous_10)
DA:9,1
DA:10,1
DA:11,1
DA:12,1
DA:13,1
DA:14,1
DA:15,1
DA:16,1
DA:24,0
DA:25,0
DA:27,0
DA:28,0
DA:29,0
DA:30,0
DA:32,0
DA:34,0
DA:35,0
DA:36,0
DA:43,1
DA:44,0
DA:45,0
DA:46,0
DA:47,0
DA:48,0
DA:49,0
DA:50,0
DA:51,0
DA:52,0
DA:55,0
DA:56,0
DA:57,0
DA:64,0
DA:65,0
DA:66,0
DA:67,0
DA:70,0
DA:71,0
DA:78,0
DA:79,0
DA:80,0
DA:83,0
DA:84,0
DA:91,0
DA:92,0
DA:95,0
DA:96,0
DA:97,0
DA:98,0
DA:99,0
DA:102,0
DA:106,0
DA:107,0
DA:108,0
DA:109,0
DA:110,0
DA:111,0
DA:114,0
DA:121,0
DA:122,0
DA:124,0
DA:125,0
DA:126,0
DA:129,0
DA:130,0
DA:131,0
DA:139,0
DA:140,0
DA:141,0
DA:146,0
DA:152,0
DA:160,0
DA:169,0
DA:175,0
LF:73
LH:9
BRDA:24,0,0,0
BRDA:24,1,0,0
BRDA:24,1,1,0
BRDA:25,2,0,0
BRDA:34,3,0,0
BRDA:34,4,0,0
BRDA:34,4,1,0
BRDA:35,5,0,0
BRDA:35,6,0,0
BRDA:35,6,1,0
BRDA:56,7,0,0
BRDA:56,8,0,0
BRDA:56,8,1,0
BRDA:70,9,0,0
BRDA:83,10,0,0
BRDA:95,11,0,0
BRDA:95,11,1,0
BRDA:95,12,0,0
BRDA:95,12,1,0
BRDA:98,13,0,0
BRDA:106,14,0,0
BRDA:106,14,1,0
BRDA:106,15,0,0
BRDA:106,15,1,0
BRDA:109,16,0,0
BRDA:124,17,0,0
BRDA:129,18,0,0
BRDA:152,19,0,0
BRDA:206,20,0,0
BRDA:206,20,1,0
BRDA:207,21,0,0
BRDA:207,21,1,0
BRDA:209,22,0,0
BRDA:212,23,0,0
BRDA:212,23,1,0
BRDA:217,24,0,0
BRDA:217,24,1,0
BRDA:218,25,0,0
BRDA:218,25,1,0
BRDA:245,26,0,0
BRDA:245,26,1,0
BRDA:246,27,0,0
BRDA:246,27,1,0
BRDA:248,28,0,0
BRDA:259,29,0,0
BRDA:259,29,1,0
BRF:46
BRH:0
end_of_record
TN:
SF:src/components/SkipLink.tsx
FN:8,(anonymous_1)
FNF:1
FNH:0
FNDA:0,(anonymous_1)
DA:8,0
LF:1
LH:0
BRF:0
BRH:0
end_of_record
TN:
SF:src/components/TarotReading.tsx
FN:31,(anonymous_1)
FN:46,(anonymous_2)
FN:55,(anonymous_3)
FN:82,(anonymous_4)
FN:121,(anonymous_5)
FN:134,(anonymous_6)
FN:185,(anonymous_7)
FN:188,(anonymous_8)
FNF:8
FNH:8
FNDA:35,(anonymous_1)
FNDA:22,(anonymous_2)
FNDA:13,(anonymous_3)
FNDA:2,(anonymous_4)
FNDA:210,(anonymous_5)
FNDA:1,(anonymous_6)
FNDA:60,(anonymous_7)
FNDA:2,(anonymous_8)
DA:2,1
DA:3,1
DA:4,1
DA:5,1
DA:6,1
DA:7,1
DA:8,1
DA:9,1
DA:10,1
DA:11,1
DA:31,22
DA:33,35
DA:39,35
DA:42,35
DA:43,35
DA:46,35
DA:48,22
DA:55,35
DA:56,13
DA:57,13
DA:58,13
DA:59,13
DA:70,10
DA:71,10
DA:73,3
DA:82,35
DA:83,2
DA:85,2
DA:86,2
DA:94,2
DA:95,2
DA:97,0
DA:122,210
DA:134,1
DA:186,60
DA:188,2
LF:36
LH:35
BRDA:48,0,0,22
BRDA:48,0,1,22
BRDA:57,1,0,13
BRDA:83,2,0,0
BRDA:117,3,0,1
BRDA:117,3,1,34
BRDA:118,4,0,1
BRDA:118,4,1,34
BRDA:127,5,0,35
BRDA:147,6,0,35
BRDA:147,6,1,25
BRDA:151,7,0,3
BRDA:151,7,1,32
BRDA:154,8,0,35
BRDA:158,9,0,12
BRDA:158,9,1,3
BRDA:190,10,0,8
BRDA:190,10,1,52
BRDA:190,11,0,60
BRDA:190,11,1,10
BRDA:192,12,0,48
BRDA:192,12,1,12
BRF:22
BRH:21
end_of_record
TN:
SF:src/components/UserDashboard.tsx
FN:10,(anonymous_1)
FN:17,(anonymous_2)
FN:25,(anonymous_3)
FN:64,(anonymous_4)
FN:77,(anonymous_5)
FN:96,(anonymous_6)
FN:96,(anonymous_7)
FN:106,(anonymous_8)
FN:106,(anonymous_9)
FNF:9
FNH:0
FNDA:0,(anonymous_1)
FNDA:0,(anonymous_2)
FNDA:0,(anonymous_3)
FNDA:0,(anonymous_4)
FNDA:0,(anonymous_5)
FNDA:0,(anonymous_6)
FNDA:0,(anonymous_7)
FNDA:0,(anonymous_8)
FNDA:0,(anonymous_9)
DA:2,0
DA:4,0
DA:10,0
DA:11,0
DA:12,0
DA:13,0
DA:14,0
DA:15,0
DA:17,0
DA:18,0
DA:25,0
DA:26,0
DA:27,0
DA:28,0
DA:29,0
DA:35,0
DA:36,0
DA:37,0
DA:38,0
DA:40,0
DA:43,0
DA:45,0
DA:65,0
DA:78,0
DA:96,0
DA:106,0
LF:26
LH:0
BRDA:35,0,0,0
BRDA:35,0,1,0
BRDA:52,1,0,0
BRDA:54,2,0,0
BRDA:58,3,0,0
BRDA:74,4,0,0
BRDA:80,5,0,0
BRDA:80,5,1,0
BRF:8
BRH:0
end_of_record
TN:
SF:src/contexts/AuthContext.tsx
FN:12,(anonymous_3)
FN:15,(anonymous_4)
FN:22,(anonymous_5)
FN:27,(anonymous_6)
FN:35,(anonymous_7)
FNF:5
FNH:0
FNDA:0,(anonymous_3)
FNDA:0,(anonymous_4)
FNDA:0,(anonymous_5)
FNDA:0,(anonymous_6)
FNDA:0,(anonymous_7)
DA:2,0
DA:10,0
DA:12,0
DA:13,0
DA:15,0
DA:16,0
DA:17,0
DA:18,0
DA:22,0
DA:23,0
DA:24,0
DA:27,0
DA:28,0
DA:29,0
DA:35,0
DA:36,0
DA:37,0
DA:38,0
DA:40,0
LF:19
LH:0
BRDA:17,0,0,0
BRDA:37,1,0,0
BRF:2
BRH:0
end_of_record
TN:
SF:src/data/tarotCards.ts
FN:59,getRandomCard
FN:63,getCardByName
FN:64,(anonymous_7)
FN:67,getCardByNumber
FN:68,(anonymous_9)
FNF:5
FNH:5
FNDA:121,getRandomCard
FNDA:3,getCardByName
FNDA:8,(anonymous_7)
FNDA:2,getCardByNumber
FNDA:6,(anonymous_9)
DA:10,4
DA:59,121
DA:60,121
DA:63,3
DA:64,8
DA:67,2
DA:68,6
LF:7
LH:7
BRF:0
BRH:0
end_of_record
TN:
SF:src/data/tarotSpreads.ts
FN:21,(anonymous_9)
FN:24,(anonymous_10)
FN:25,(anonymous_11)
FN:27,(anonymous_12)
FN:43,(anonymous_13)
FN:46,(anonymous_14)
FN:47,(anonymous_15)
FN:49,(anonymous_16)
FN:65,(anonymous_17)
FN:68,(anonymous_18)
FN:69,(anonymous_19)
FN:71,(anonymous_20)
FN:87,(anonymous_21)
FN:90,(anonymous_22)
FN:91,(anonymous_23)
FN:93,(anonymous_24)
FN:109,(anonymous_25)
FN:112,(anonymous_26)
FN:113,(anonymous_27)
FN:115,(anonymous_28)
FN:131,(anonymous_29)
FN:134,(anonymous_30)
FN:135,(anonymous_31)
FN:137,(anonymous_32)
FN:152,getSpreadByName
FN:153,(anonymous_34)
FNF:26
FNH:26
FNDA:9,(anonymous_9)
FNDA:45,(anonymous_10)
FNDA:6,(anonymous_11)
FNDA:30,(anonymous_12)
FNDA:3,(anonymous_13)
FNDA:15,(anonymous_14)
FNDA:2,(anonymous_15)
FNDA:10,(anonymous_16)
FNDA:3,(anonymous_17)
FNDA:15,(anonymous_18)
FNDA:2,(anonymous_19)
FNDA:10,(anonymous_20)
FNDA:3,(anonymous_21)
FNDA:15,(anonymous_22)
FNDA:2,(anonymous_23)
FNDA:10,(anonymous_24)
FNDA:3,(anonymous_25)
FNDA:15,(anonymous_26)
FNDA:2,(anonymous_27)
FNDA:10,(anonymous_28)
FNDA:3,(anonymous_29)
FNDA:15,(anonymous_30)
FNDA:2,(anonymous_31)
FNDA:10,(anonymous_32)
FNDA:15,getSpreadByName
FNDA:40,(anonymous_34)
DA:1,3
DA:11,3
DA:22,9
DA:24,45
DA:26,6
DA:27,30
DA:33,3
DA:44,3
DA:46,15
DA:48,2
DA:49,10
DA:55,3
DA:66,3
DA:68,15
DA:70,2
DA:71,10
DA:77,3
DA:88,3
DA:90,15
DA:92,2
DA:93,10
DA:99,3
DA:110,3
DA:112,15
DA:114,2
DA:115,10
DA:121,3
DA:132,3
DA:134,15
DA:136,2
DA:137,10
DA:143,35
DA:152,15
DA:153,40
LF:34
LH:34
BRF:0
BRH:0
end_of_record
TN:
SF:src/errors/index.ts
FNF:0
FNH:0
DA:19,0
DA:20,0
DA:21,0
DA:22,0
DA:23,0
DA:24,0
DA:25,0
DA:26,0
LF:8
LH:0
BRF:0
BRH:0
end_of_record
TN:
SF:src/hooks/use-mobile.ts
FN:5,useIsMobile
FN:8,(anonymous_2)
FN:10,(anonymous_3)
FN:15,(anonymous_4)
FNF:4
FNH:0
FNDA:0,useIsMobile
FNDA:0,(anonymous_2)
FNDA:0,(anonymous_3)
FNDA:0,(anonymous_4)
DA:1,0
DA:3,0
DA:5,0
DA:6,0
DA:8,0
DA:9,0
DA:10,0
DA:11,0
DA:13,0
DA:14,0
DA:15,0
DA:18,0
LF:12
LH:0
BRF:0
BRH:0
end_of_record
TN:
SF:src/hooks/use-toast.ts
FN:24,genId
FN:55,(anonymous_8)
FN:60,(anonymous_9)
FN:71,(anonymous_10)
FN:82,(anonymous_11)
FN:93,(anonymous_12)
FN:100,(anonymous_13)
FN:119,(anonymous_14)
FN:128,dispatch
FN:130,(anonymous_16)
FN:137,toast
FN:140,(anonymous_18)
FN:145,(anonymous_19)
FN:153,(anonymous_20)
FN:166,useToast
FN:169,(anonymous_22)
FN:171,(anonymous_23)
FN:182,(anonymous_24)
FNF:18
FNH:0
FNDA:0,genId
FNDA:0,(anonymous_8)
FNDA:0,(anonymous_9)
FNDA:0,(anonymous_10)
FNDA:0,(anonymous_11)
FNDA:0,(anonymous_12)
FNDA:0,(anonymous_13)
FNDA:0,(anonymous_14)
FNDA:0,dispatch
FNDA:0,(anonymous_16)
FNDA:0,toast
FNDA:0,(anonymous_18)
FNDA:0,(anonymous_19)
FNDA:0,(anonymous_20)
FNDA:0,useToast
FNDA:0,(anonymous_22)
FNDA:0,(anonymous_23)
FNDA:0,(anonymous_24)
DA:1,0
DA:5,0
DA:6,0
DA:15,0
DA:22,0
DA:25,0
DA:26,0
DA:53,0
DA:55,0
DA:56,0
DA:57,0
DA:60,0
DA:61,0
DA:62,0
DA:68,0
DA:71,0
DA:72,0
DA:74,0
DA:80,0
DA:83,0
DA:88,0
DA:90,0
DA:91,0
DA:93,0
DA:94,0
DA:98,0
DA:101,0
DA:111,0
DA:112,0
DA:117,0
DA:119,0
DA:124,0
DA:126,0
DA:129,0
DA:130,0
DA:131,0
DA:138,0
DA:140,0
DA:141,0
DA:145,0
DA:147,0
DA:154,0
DA:159,0
DA:167,0
DA:169,0
DA:170,0
DA:171,0
DA:172,0
DA:173,0
DA:174,0
DA:179,0
DA:182,0
DA:186,0
LF:53
LH:0
BRDA:56,0,0,0
BRDA:72,1,0,0
BRDA:72,1,1,0
BRDA:72,1,2,0
BRDA:72,1,3,0
BRDA:83,2,0,0
BRDA:83,2,1,0
BRDA:90,3,0,0
BRDA:90,3,1,0
BRDA:101,4,0,0
BRDA:101,4,1,0
BRDA:101,5,0,0
BRDA:101,5,1,0
BRDA:111,6,0,0
BRDA:154,7,0,0
BRDA:173,8,0,0
BRF:16
BRH:0
end_of_record
TN:
SF:src/hooks/useApiRequest.ts
FN:12,(anonymous_1)
FN:16,(anonymous_2)
FNF:2
FNH:2
FNDA:135,(anonymous_1)
FNDA:8,(anonymous_2)
DA:1,4
DA:2,4
DA:12,136
DA:13,135
DA:14,135
DA:16,135
DA:23,8
DA:24,8
DA:26,8
DA:27,8
DA:36,2
DA:37,1
DA:38,1
DA:39,1
DA:42,1
DA:44,1
DA:45,0
DA:48,1
DA:50,7
DA:52,7
DA:53,6
DA:55,7
DA:56,7
DA:57,7
DA:59,8
DA:63,135
LF:26
LH:25
BRDA:18,0,0,2
BRDA:20,1,0,8
BRDA:33,2,0,0
BRDA:33,2,1,2
BRDA:36,3,0,1
BRDA:44,4,0,0
BRDA:52,5,0,6
BRF:7
BRH:5
end_of_record
TN:
SF:src/hooks/useFocusError.ts
FN:3,(anonymous_1)
FN:6,(anonymous_2)
FNF:2
FNH:0
FNDA:0,(anonymous_1)
FNDA:0,(anonymous_2)
DA:1,0
DA:3,0
DA:4,0
DA:6,0
DA:7,0
DA:8,0
DA:12,0
LF:7
LH:0
BRDA:7,0,0,0
BRDA:7,1,0,0
BRDA:7,1,1,0
BRF:3
BRH:0
end_of_record
TN:
SF:src/hooks/useFormValidation.ts
FN:12,(anonymous_1)
FN:18,(anonymous_2)
FN:23,(anonymous_3)
FN:34,(anonymous_4)
FN:36,(anonymous_5)
FN:46,(anonymous_6)
FN:47,(anonymous_7)
FNF:7
FNH:0
FNDA:0,(anonymous_1)
FNDA:0,(anonymous_2)
FNDA:0,(anonymous_3)
FNDA:0,(anonymous_4)
FNDA:0,(anonymous_5)
FNDA:0,(anonymous_6)
FNDA:0,(anonymous_7)
DA:1,1
DA:2,1
DA:12,1
DA:13,0
DA:14,0
DA:15,0
DA:17,0
DA:19,0
DA:20,0
DA:21,0
DA:23,0
DA:28,0
DA:33,0
DA:35,0
DA:36,0
DA:41,0
DA:46,0
DA:47,0
DA:48,0
DA:49,0
DA:52,0
LF:21
LH:3
BRF:0
BRH:0
end_of_record
TN:
SF:src/interfaces/seams.ts
FN:283,(anonymous_8)
FN:294,(anonymous_9)
FN:301,(anonymous_10)
FN:308,(anonymous_11)
FN:315,(anonymous_12)
FN:322,(anonymous_13)
FN:332,(anonymous_14)
FNF:7
FNH:7
FNDA:27,(anonymous_8)
FNDA:17,(anonymous_9)
FNDA:6,(anonymous_10)
FNDA:8,(anonymous_11)
FNDA:7,(anonymous_12)
FNDA:10,(anonymous_13)
FNDA:15,(anonymous_14)
DA:282,172
DA:285,27
DA:286,27
DA:288,27
DA:289,27
DA:293,77
DA:295,17
DA:296,17
DA:300,49
DA:302,6
DA:303,6
DA:307,47
DA:309,8
DA:310,8
DA:314,43
DA:316,7
DA:317,7
DA:321,92
DA:324,10
DA:326,10
DA:327,10
DA:331,51
DA:333,15
DA:334,15
LF:24
LH:24
BRDA:294,0,0,2
BRDA:301,1,0,1
BRDA:308,2,0,1
BRDA:323,3,0,1
BRDA:332,4,0,1
BRF:5
BRH:5
end_of_record
TN:
SF:src/middleware/auth.ts
FN:4,(anonymous_2)
FN:8,authMiddleware
FN:9,(anonymous_4)
FNF:3
FNH:0
FNDA:0,(anonymous_2)
FNDA:0,authMiddleware
FNDA:0,(anonymous_4)
DA:2,0
DA:4,0
DA:5,0
DA:8,0
DA:9,0
DA:10,0
DA:11,0
DA:12,0
DA:13,0
DA:15,0
DA:16,0
DA:17,0
DA:18,0
DA:20,0
DA:22,0
LF:15
LH:0
BRDA:4,0,0,0
BRDA:4,0,1,0
BRDA:12,1,0,0
BRDA:16,2,0,0
BRDA:16,3,0,0
BRDA:16,3,1,0
BRDA:16,3,2,0
BRF:7
BRH:0
end_of_record
TN:
SF:src/middleware/auth.v2.ts
FN:40,parseCookies
FN:47,(anonymous_5)
FN:64,(anonymous_6)
FN:77,(anonymous_7)
FN:110,(anonymous_8)
FN:132,(anonymous_9)
FN:152,(anonymous_10)
FN:172,getAuthService
FNF:8
FNH:7
FNDA:10,parseCookies
FNDA:12,(anonymous_5)
FNDA:17,(anonymous_6)
FNDA:13,(anonymous_7)
FNDA:2,(anonymous_8)
FNDA:1,(anonymous_9)
FNDA:5,(anonymous_10)
FNDA:0,getAuthService
DA:13,1
DA:14,1
DA:19,1
DA:24,1
DA:41,10
DA:43,10
DA:44,0
DA:47,10
DA:48,12
DA:49,12
DA:50,11
DA:54,10
DA:61,17
DA:65,17
DA:66,17
DA:67,1
DA:69,16
DA:78,13
DA:79,13
DA:81,13
DA:82,3
DA:85,10
DA:86,10
DA:88,10
DA:89,1
DA:92,9
DA:94,4
DA:95,1
DA:98,3
DA:101,5
DA:111,2
DA:116,2
DA:125,2
DA:134,1
DA:143,1
DA:153,5
DA:155,5
DA:156,4
DA:159,1
DA:166,1
DA:172,0
DA:173,0
DA:174,0
DA:176,0
LF:44
LH:39
BRDA:43,0,0,0
BRDA:49,1,0,11
BRDA:66,2,0,1
BRDA:81,3,0,3
BRDA:88,4,0,1
BRDA:94,5,0,1
BRDA:155,6,0,4
BRDA:173,7,0,0
BRF:8
BRH:6
end_of_record
TN:
SF:src/middleware/csrf.ts
FN:36,parseCookies
FN:43,(anonymous_4)
FN:57,generateSecureToken
FN:68,safeCompare
FN:94,(anonymous_7)
FN:125,(anonymous_8)
FN:166,getCSRFService
FNF:7
FNH:6
FNDA:10,parseCookies
FNDA:12,(anonymous_4)
FNDA:13,generateSecureToken
FNDA:9,safeCompare
FNDA:13,(anonymous_7)
FNDA:15,(anonymous_8)
FNDA:0,getCSRFService
DA:13,1
DA:14,1
DA:19,1
DA:24,1
DA:29,1
DA:37,10
DA:39,10
DA:40,0
DA:43,10
DA:44,12
DA:45,12
DA:46,11
DA:50,10
DA:59,13
DA:69,9
DA:70,2
DA:73,7
DA:74,7
DA:75,7
DA:76,7
DA:78,0
DA:86,17
DA:98,13
DA:101,13
DA:111,13
DA:114,13
DA:116,13
DA:128,15
DA:132,15
DA:133,3
DA:137,12
DA:139,12
DA:140,2
DA:143,10
DA:144,10
DA:146,10
DA:147,1
DA:151,9
DA:152,3
DA:160,1
DA:166,0
DA:167,0
DA:168,0
DA:170,0
LF:44
LH:38
BRDA:39,0,0,0
BRDA:45,1,0,11
BRDA:69,2,0,2
BRDA:69,3,0,9
BRDA:69,3,1,9
BRDA:69,3,2,9
BRDA:128,4,0,15
BRDA:128,4,1,3
BRDA:128,4,2,3
BRDA:132,5,0,3
BRDA:132,6,0,15
BRDA:132,6,1,12
BRDA:132,6,2,12
BRDA:139,7,0,2
BRDA:146,8,0,1
BRDA:146,9,0,10
BRDA:146,9,1,9
BRDA:151,10,0,3
BRDA:167,11,0,0
BRF:19
BRH:17
end_of_record
TN:
SF:src/middleware/errorHandler.ts
FN:5,errorHandler
FN:6,(anonymous_3)
FNF:2
FNH:2
FNDA:49,errorHandler
FNDA:45,(anonymous_3)
DA:2,4
DA:3,4
DA:5,49
DA:6,49
DA:7,45
DA:8,45
DA:10,25
DA:11,19
DA:19,19
DA:26,6
DA:32,6
LF:11
LH:11
BRDA:10,0,0,19
BRDA:10,0,1,6
BRDA:29,1,0,6
BRDA:29,1,1,0
BRF:4
BRH:3
end_of_record
TN:
SF:src/middleware/errorHandler.v2.ts
FN:36,getStatusCode
FN:50,getErrorCode
FN:64,createAPIError
FN:112,logError
FN:163,sendErrorResponse
FN:207,(anonymous_7)
FN:208,(anonymous_8)
FNF:7
FNH:7
FNDA:21,getStatusCode
FNDA:42,getErrorCode
FNDA:21,createAPIError
FNDA:21,logError
FNDA:21,sendErrorResponse
FNDA:22,(anonymous_7)
FNDA:22,(anonymous_8)
DA:30,1
DA:31,1
DA:37,21
DA:38,16
DA:39,13
DA:40,12
DA:41,11
DA:42,10
DA:43,9
DA:44,6
DA:51,42
DA:52,32
DA:53,26
DA:54,24
DA:55,22
DA:56,20
DA:57,14
DA:58,12
DA:65,21
DA:66,21
DA:67,21
DA:70,21
DA:76,21
DA:77,5
DA:81,21
DA:82,2
DA:86,21
DA:87,1
DA:91,21
DA:92,3
DA:99,21
DA:100,1
DA:106,21
DA:113,21
DA:116,21
DA:117,5
DA:121,5
DA:124,16
DA:125,3
DA:128,3
DA:131,13
DA:132,1
DA:135,1
DA:138,12
DA:139,1
DA:142,1
DA:145,11
DA:146,3
DA:149,3
DA:153,8
DA:167,21
DA:168,21
DA:171,21
DA:172,3
DA:175,3
DA:178,21
DA:184,21
DA:207,22
DA:208,22
DA:209,22
DA:210,22
DA:213,21
DA:214,19
DA:215,19
DA:218,2
DA:219,2
DA:220,2
LF:67
LH:67
BRDA:37,0,0,5
BRDA:38,1,0,3
BRDA:39,2,0,1
BRDA:40,3,0,1
BRDA:41,4,0,1
BRDA:42,5,0,1
BRDA:43,6,0,3
BRDA:51,7,0,10
BRDA:52,8,0,6
BRDA:53,9,0,2
BRDA:54,10,0,2
BRDA:55,11,0,2
BRDA:56,12,0,6
BRDA:57,13,0,2
BRDA:76,14,0,5
BRDA:76,15,0,21
BRDA:76,15,1,6
BRDA:81,16,0,2
BRDA:81,17,0,21
BRDA:81,17,1,5
BRDA:86,18,0,1
BRDA:86,19,0,21
BRDA:86,19,1,5
BRDA:91,20,0,3
BRDA:91,21,0,21
BRDA:91,21,1,3
BRDA:99,22,0,1
BRDA:99,23,0,21
BRDA:99,23,1,6
BRDA:116,24,0,5
BRDA:119,25,0,5
BRDA:119,25,1,0
BRDA:124,26,0,3
BRDA:131,27,0,1
BRDA:138,28,0,1
BRDA:145,29,0,3
BRDA:171,30,0,3
BRDA:171,31,0,21
BRDA:171,31,1,3
BRDA:213,32,0,19
BRDA:213,32,1,2
BRF:41
BRH:40
end_of_record
TN:
SF:src/middleware/rateLimit.ts
FN:9,getIP
FN:18,checkRateLimit
FN:38,rateLimitMiddleware
FN:39,(anonymous_4)
FNF:4
FNH:1
FNDA:0,getIP
FNDA:0,checkRateLimit
FNDA:4,rateLimitMiddleware
FNDA:0,(anonymous_4)
DA:4,3
DA:6,3
DA:7,3
DA:10,0
DA:19,0
DA:20,0
DA:22,0
DA:24,0
DA:25,0
DA:26,0
DA:29,0
DA:30,0
DA:33,0
DA:34,0
DA:38,4
DA:39,4
DA:40,0
DA:41,0
DA:44,0
DA:45,0
DA:46,0
DA:48,0
DA:49,0
DA:54,0
LF:24
LH:5
BRDA:11,0,0,0
BRDA:11,0,1,0
BRDA:11,0,2,0
BRDA:11,0,3,0
BRDA:22,1,0,0
BRDA:22,2,0,0
BRDA:22,2,1,0
BRDA:29,3,0,0
BRDA:48,4,0,0
BRF:9
BRH:0
end_of_record
TN:
SF:src/middleware/rateLimit.v2.ts
FN:32,(anonymous_6)
FN:48,(anonymous_7)
FN:69,(anonymous_8)
FN:113,(anonymous_10)
FN:143,(anonymous_11)
FN:149,(anonymous_12)
FN:150,(anonymous_13)
FN:211,(anonymous_14)
FN:253,getRateLimiter
FNF:9
FNH:4
FNDA:45,(anonymous_6)
FNDA:76,(anonymous_7)
FNDA:0,(anonymous_8)
FNDA:22,(anonymous_10)
FNDA:0,(anonymous_11)
FNDA:0,(anonymous_12)
FNDA:0,(anonymous_13)
FNDA:45,(anonymous_14)
FNDA:0,getRateLimiter
DA:23,22
DA:37,45
DA:38,45
DA:41,45
DA:42,45
DA:43,29
DA:44,29
DA:48,76
DA:51,45
DA:53,45
DA:55,43
DA:58,45
DA:70,0
DA:71,0
DA:73,0
DA:74,0
DA:75,0
DA:76,0
DA:85,1
DA:108,22
DA:110,22
DA:111,22
DA:114,22
DA:117,22
DA:119,22
DA:120,22
DA:122,22
DA:124,0
DA:126,22
DA:131,0
DA:147,0
DA:149,0
DA:150,0
DA:152,0
DA:158,0
DA:197,0
DA:198,0
DA:200,0
DA:201,0
DA:215,45
DA:218,45
DA:219,0
DA:220,0
DA:221,0
DA:223,0
DA:230,0
DA:236,45
DA:247,1
DA:253,0
DA:254,0
DA:255,0
DA:257,0
LF:52
LH:26
BRDA:42,0,0,29
BRDA:53,1,0,43
BRDA:75,2,0,0
BRDA:122,3,0,0
BRDA:122,3,1,22
BRDA:122,4,0,22
BRDA:122,4,1,0
BRDA:218,5,0,0
BRDA:218,6,0,45
BRDA:218,6,1,0
BRDA:254,7,0,0
BRF:11
BRH:5
end_of_record
TN:
SF:src/middleware/requestLogger.ts
FN:4,requestLogger
FN:5,(anonymous_3)
FN:8,(anonymous_4)
FNF:3
FNH:0
FNDA:0,requestLogger
FNDA:0,(anonymous_3)
FNDA:0,(anonymous_4)
DA:2,0
DA:4,0
DA:5,0
DA:6,0
DA:8,0
DA:9,0
DA:10,0
DA:18,0
LF:8
LH:0
BRF:0
BRH:0
end_of_record
TN:
SF:src/middleware/validateRequest.ts
FN:37,validateRequest
FN:41,(anonymous_4)
FN:66,(anonymous_5)
FN:107,(anonymous_6)
FN:132,(anonymous_7)
FN:143,(anonymous_8)
FNF:6
FNH:6
FNDA:24,validateRequest
FNDA:24,(anonymous_4)
FNDA:17,(anonymous_5)
FNDA:4,(anonymous_6)
FNDA:3,(anonymous_7)
FNDA:3,(anonymous_8)
DA:7,1
DA:8,1
DA:37,24
DA:41,24
DA:42,24
DA:44,24
DA:46,24
DA:47,0
DA:51,24
DA:54,15
DA:57,15
DA:60,15
DA:62,10
DA:64,9
DA:66,9
DA:67,17
DA:68,17
DA:69,15
DA:71,17
DA:74,9
DA:85,9
DA:88,1
DA:98,10
DA:108,4
DA:110,4
DA:111,1
DA:114,3
DA:115,3
DA:116,2
DA:118,1
DA:119,1
DA:120,1
DA:122,0
DA:133,3
DA:134,3
DA:144,3
LF:36
LH:34
BRDA:46,0,0,0
BRDA:62,1,0,9
BRDA:62,1,1,1
BRDA:68,2,0,15
BRDA:78,3,0,9
BRDA:78,3,1,0
BRDA:110,4,0,1
BRDA:118,5,0,1
BRDA:120,6,0,1
BRDA:120,6,1,0
BRF:10
BRH:7
end_of_record
TN:
SF:src/models/PasswordReset.ts
FNF:0
FNH:0
DA:8,0
DA:25,0
DA:72,0
DA:78,0
DA:84,0
DA:85,0
LF:6
LH:0
BRDA:85,0,0,0
BRDA:85,0,1,0
BRF:2
BRH:0
end_of_record
TN:
SF:src/models/Reading.ts
FNF:0
FNH:0
DA:1,0
DA:13,0
DA:23,0
LF:3
LH:0
BRF:0
BRH:0
end_of_record
TN:
SF:src/models/User.ts
FN:17,(anonymous_2)
FN:33,(anonymous_3)
FNF:2
FNH:0
FNDA:0,(anonymous_2)
FNDA:0,(anonymous_3)
DA:1,0
DA:2,0
DA:11,0
DA:17,0
DA:18,0
DA:20,0
DA:21,0
DA:22,0
DA:23,0
DA:25,0
DA:26,0
DA:28,0
DA:33,0
DA:34,0
DA:37,0
LF:15
LH:0
BRDA:18,0,0,0
BRDA:25,1,0,0
BRDA:25,1,1,0
BRF:3
BRH:0
end_of_record
TN:
SF:src/pages/api/tarot-reading.ts
FN:13,handler
FN:62,(anonymous_3)
FNF:2
FNH:2
FNDA:10,handler
FNDA:30,(anonymous_3)
DA:2,1
DA:3,1
DA:4,1
DA:5,1
DA:6,1
DA:7,1
DA:8,1
DA:9,1
DA:10,1
DA:11,1
DA:14,10
DA:16,10
DA:17,7
DA:18,7
DA:20,7
DA:21,1
DA:24,6
DA:32,6
DA:34,6
DA:36,6
DA:37,3
DA:38,3
DA:39,3
DA:43,2
DA:44,2
DA:46,1
DA:51,1
DA:52,1
DA:55,3
DA:58,6
DA:59,6
DA:62,30
DA:66,6
DA:68,6
DA:74,6
DA:76,6
DA:84,0
DA:86,3
DA:87,2
DA:89,2
DA:90,1
DA:93,1
DA:94,1
DA:100,1
DA:101,0
DA:104,1
DA:106,1
DA:108,0
DA:109,0
DA:111,0
DA:114,1
DA:118,10
LF:52
LH:47
BRDA:16,0,0,7
BRDA:16,0,1,3
BRDA:20,1,0,1
BRDA:32,2,0,6
BRDA:32,2,1,4
BRDA:36,3,0,3
BRDA:36,3,1,3
BRDA:49,4,0,1
BRDA:49,4,1,0
BRDA:74,5,0,2
BRDA:74,5,1,4
BRDA:86,6,0,2
BRDA:86,6,1,1
BRDA:89,7,0,1
BRDA:89,8,0,2
BRDA:89,8,1,2
BRDA:89,8,2,2
BRDA:89,8,3,2
BRDA:100,9,0,0
BRDA:108,10,0,0
BRF:20
BRH:17
end_of_record
TN:
SF:src/pages/api/auth/[...auth].ts
FN:9,(anonymous_2)
FN:13,handler
FN:29,handleRegister
FN:51,handleLogin
FN:72,handleLogout
FNF:5
FNH:0
FNDA:0,(anonymous_2)
FNDA:0,handler
FNDA:0,handleRegister
FNDA:0,handleLogin
FNDA:0,handleLogout
DA:2,0
DA:3,0
DA:4,0
DA:5,0
DA:6,0
DA:7,0
DA:9,0
DA:10,0
DA:14,0
DA:16,0
DA:17,0
DA:18,0
DA:19,0
DA:20,0
DA:22,0
DA:23,0
DA:26,0
DA:30,0
DA:32,0
DA:33,0
DA:36,0
DA:37,0
DA:38,0
DA:39,0
DA:41,0
DA:42,0
DA:43,0
DA:44,0
DA:47,0
DA:52,0
DA:54,0
DA:55,0
DA:58,0
DA:59,0
DA:60,0
DA:63,0
DA:64,0
DA:65,0
DA:68,0
DA:69,0
DA:73,0
DA:76,0
LF:42
LH:0
BRDA:9,0,0,0
BRDA:9,0,1,0
BRDA:16,1,0,0
BRDA:16,1,1,0
BRDA:17,2,0,0
BRDA:17,2,1,0
BRDA:19,3,0,0
BRDA:22,4,0,0
BRDA:22,5,0,0
BRDA:22,5,1,0
BRDA:32,6,0,0
BRDA:32,7,0,0
BRDA:32,7,1,0
BRDA:32,7,2,0
BRDA:41,8,0,0
BRDA:43,9,0,0
BRDA:54,10,0,0
BRDA:54,11,0,0
BRDA:54,11,1,0
BRDA:59,12,0,0
BRDA:64,13,0,0
BRF:21
BRH:0
end_of_record
TN:
SF:src/pages/api/auth/forgot-password.ts
FN:26,isValidEmail
FN:34,forgotPasswordHandler
FN:113,handler
FN:116,(anonymous_10)
FN:117,(anonymous_11)
FN:118,(anonymous_12)
FNF:6
FNH:2
FNDA:11,isValidEmail
FNDA:16,forgotPasswordHandler
FNDA:0,handler
FNDA:0,(anonymous_10)
FNDA:0,(anonymous_11)
FNDA:0,(anonymous_12)
DA:15,2
DA:16,2
DA:17,2
DA:19,2
DA:27,11
DA:28,11
DA:34,16
DA:42,16
DA:43,3
DA:51,13
DA:54,13
DA:55,2
DA:58,11
DA:59,1
DA:63,10
DA:67,10
DA:69,10
DA:71,9
DA:73,2
DA:74,2
DA:78,7
DA:81,7
DA:82,7
DA:83,5
DA:91,2
DA:99,7
DA:102,1
DA:106,1
DA:116,0
DA:117,0
DA:118,0
DA:120,0
DA:121,0
DA:122,0
DA:124,0
DA:128,2
LF:36
LH:29
BRDA:42,0,0,3
BRDA:54,1,0,2
BRDA:54,2,0,13
BRDA:54,2,1,11
BRDA:54,2,2,11
BRDA:58,3,0,1
BRDA:71,4,0,2
BRDA:94,5,0,2
BRDA:94,5,1,0
BRDA:104,6,0,1
BRDA:104,6,1,0
BRF:11
BRH:9
end_of_record
TN:
SF:src/pages/api/auth/reset-password.ts
FN:27,isStrongPassword
FN:36,resetPasswordHandler
FN:109,handler
FN:112,(anonymous_10)
FN:113,(anonymous_11)
FNF:5
FNH:2
FNDA:17,isStrongPassword
FNDA:24,resetPasswordHandler
FNDA:0,handler
FNDA:0,(anonymous_10)
FNDA:0,(anonymous_11)
DA:15,2
DA:16,2
DA:17,2
DA:19,2
DA:29,17
DA:30,17
DA:36,24
DA:43,24
DA:44,3
DA:52,21
DA:55,21
DA:56,2
DA:60,19
DA:61,2
DA:65,17
DA:66,4
DA:71,13
DA:73,13
DA:75,12
DA:76,2
DA:80,10
DA:81,2
DA:85,8
DA:88,5
DA:90,5
DA:94,5
DA:99,8
DA:102,8
DA:112,0
DA:113,0
DA:115,0
DA:116,0
DA:118,0
DA:122,2
LF:34
LH:29
BRDA:43,0,0,3
BRDA:55,1,0,2
BRDA:55,2,0,21
BRDA:55,2,1,19
BRDA:55,2,2,19
BRDA:60,3,0,2
BRDA:60,4,0,19
BRDA:60,4,1,17
BRDA:60,4,2,17
BRDA:65,5,0,4
BRDA:75,6,0,2
BRDA:80,7,0,2
BRDA:100,8,0,8
BRDA:100,8,1,0
BRF:14
BRH:13
end_of_record
TN:
SF:src/pages/api/user/readings.ts
FN:6,handler
FNF:1
FNH:0
FNDA:0,handler
DA:2,0
DA:3,0
DA:4,0
DA:7,0
DA:9,0
DA:10,0
DA:11,0
DA:12,0
DA:13,0
DA:15,0
DA:22,0
DA:24,0
DA:31,0
DA:32,0
DA:33,0
DA:36,0
DA:40,0
LF:17
LH:0
BRDA:9,0,0,0
BRDA:9,0,1,0
BRDA:11,1,0,0
BRDA:11,1,1,0
BRDA:32,2,0,0
BRDA:32,2,1,0
BRF:6
BRH:0
end_of_record
TN:
SF:src/repositories/PasswordResetRepository.ts
FN:36,(anonymous_2)
FN:63,(anonymous_3)
FN:75,(anonymous_4)
FN:84,(anonymous_5)
FN:93,(anonymous_6)
FN:103,(anonymous_7)
FN:128,(anonymous_8)
FN:139,(anonymous_9)
FN:148,(anonymous_10)
FNF:9
FNH:9
FNDA:6,(anonymous_2)
FNDA:4,(anonymous_3)
FNDA:3,(anonymous_4)
FNDA:2,(anonymous_5)
FNDA:1,(anonymous_6)
FNDA:1,(anonymous_7)
FNDA:1,(anonymous_8)
FNDA:2,(anonymous_9)
FNDA:2,(anonymous_10)
DA:9,1
DA:11,1
DA:16,1
DA:21,1
DA:28,22
DA:38,6
DA:41,6
DA:44,6
DA:50,6
DA:52,6
DA:64,4
DA:76,3
DA:85,2
DA:94,1
DA:104,1
DA:106,1
DA:107,1
DA:110,1
DA:111,1
DA:114,1
DA:115,1
DA:118,1
DA:129,1
DA:130,1
DA:140,2
DA:149,2
DA:150,2
LF:27
LH:27
BRDA:106,0,0,1
BRDA:110,1,0,1
BRDA:114,2,0,1
BRF:3
BRH:3
end_of_record
TN:
SF:src/repositories/ReadingRepository.ts
FN:24,(anonymous_1)
FN:35,(anonymous_2)
FN:62,(anonymous_3)
FN:76,(anonymous_4)
FN:86,(anonymous_5)
FN:109,(anonymous_6)
FN:120,(anonymous_7)
FN:129,(anonymous_8)
FNF:8
FNH:8
FNDA:2,(anonymous_1)
FNDA:4,(anonymous_2)
FNDA:6,(anonymous_3)
FNDA:1,(anonymous_4)
FNDA:1,(anonymous_5)
FNDA:2,(anonymous_6)
FNDA:2,(anonymous_7)
FNDA:2,(anonymous_8)
DA:10,1
DA:11,1
DA:18,19
DA:25,2
DA:36,4
DA:39,4
DA:42,4
DA:43,1
DA:46,4
DA:47,1
DA:50,4
DA:52,4
DA:64,6
DA:65,2
DA:68,4
DA:77,1
DA:87,1
DA:89,1
DA:90,1
DA:93,1
DA:94,1
DA:97,1
DA:98,1
DA:101,1
DA:110,2
DA:111,2
DA:121,2
DA:130,2
DA:131,2
LF:29
LH:29
BRDA:39,0,0,4
BRDA:39,0,1,3
BRDA:42,1,0,1
BRDA:46,2,0,1
BRDA:64,3,0,2
BRDA:64,4,0,6
BRDA:64,4,1,5
BRDA:89,5,0,1
BRDA:93,6,0,1
BRDA:97,7,0,1
BRF:10
BRH:10
end_of_record
TN:
SF:src/repositories/UserRepository.ts
FN:24,(anonymous_1)
FN:33,(anonymous_2)
FN:44,(anonymous_3)
FN:55,(anonymous_4)
FN:65,(anonymous_5)
FN:90,(anonymous_6)
FN:117,(anonymous_7)
FN:126,(anonymous_8)
FN:138,(anonymous_9)
FN:154,(anonymous_10)
FNF:10
FNH:10
FNDA:3,(anonymous_1)
FNDA:3,(anonymous_2)
FNDA:3,(anonymous_3)
FNDA:1,(anonymous_4)
FNDA:1,(anonymous_5)
FNDA:4,(anonymous_6)
FNDA:2,(anonymous_7)
FNDA:2,(anonymous_8)
FNDA:4,(anonymous_9)
FNDA:3,(anonymous_10)
DA:10,1
DA:11,1
DA:18,26
DA:25,3
DA:35,3
DA:36,3
DA:46,3
DA:47,3
DA:56,1
DA:66,1
DA:68,1
DA:69,1
DA:72,1
DA:73,1
DA:76,1
DA:77,1
DA:80,1
DA:91,4
DA:92,4
DA:93,4
DA:96,3
DA:98,2
DA:99,1
DA:101,1
DA:102,1
DA:104,0
DA:107,1
DA:118,2
DA:127,2
DA:128,2
DA:139,4
DA:140,4
DA:141,1
DA:144,3
DA:155,3
DA:156,3
DA:157,1
DA:161,2
DA:162,2
LF:39
LH:38
BRDA:68,0,0,1
BRDA:72,1,0,1
BRDA:76,2,0,1
BRDA:96,3,0,2
BRDA:98,4,0,1
BRDA:101,5,0,1
BRDA:140,6,0,1
BRDA:156,7,0,1
BRF:8
BRH:8
end_of_record
TN:
SF:src/schemas/index.ts
FN:16,sanitize
FN:42,sanitizeObject
FN:55,(anonymous_13)
FN:166,(anonymous_14)
FNF:4
FNH:4
FNDA:135,sanitize
FNDA:28,sanitizeObject
FNDA:5,(anonymous_13)
FNDA:12,(anonymous_14)
DA:6,2
DA:7,2
DA:16,13
DA:17,135
DA:19,131
DA:42,25
DA:43,28
DA:44,0
DA:47,28
DA:49,28
DA:50,53
DA:52,53
DA:53,42
DA:54,11
DA:55,2
DA:56,5
DA:58,9
DA:59,3
DA:61,6
DA:65,28
DA:75,2
DA:82,2
DA:88,20
DA:112,6
DA:129,3
DA:143,4
DA:157,7
DA:166,12
DA:173,8
DA:189,28
LF:30
LH:29
BRDA:17,0,0,4
BRDA:43,1,0,0
BRDA:43,2,0,28
BRDA:43,2,1,28
BRDA:47,3,0,0
BRDA:47,3,1,28
BRDA:52,4,0,42
BRDA:52,4,1,11
BRDA:54,5,0,2
BRDA:54,5,1,9
BRDA:56,6,0,5
BRDA:56,6,1,0
BRDA:58,7,0,3
BRDA:58,7,1,6
BRDA:58,8,0,9
BRDA:58,8,1,8
BRDA:166,9,0,10
BRDA:166,9,1,2
BRF:18
BRH:15
end_of_record
TN:
SF:src/services/aiTarot.ts
FN:32,generateAIReading
FN:44,(anonymous_6)
FN:113,isAIAvailable
FN:120,getAIModelInfo
FNF:4
FNH:4
FNDA:7,generateAIReading
FNDA:12,(anonymous_6)
FNDA:4,isAIAvailable
FNDA:2,getAIModelInfo
DA:1,11
DA:10,11
DA:12,11
DA:15,11
DA:16,8
DA:32,7
DA:33,7
DA:36,7
DA:37,1
DA:38,1
DA:41,6
DA:43,6
DA:45,12
DA:46,12
DA:47,12
DA:48,12
DA:53,6
DA:77,6
DA:89,5
DA:97,2
DA:100,3
DA:102,3
DA:104,3
DA:106,3
DA:113,2
DA:114,4
DA:120,2
DA:121,2
LF:28
LH:28
BRDA:15,0,0,8
BRDA:33,1,0,5
BRDA:36,2,0,1
BRDA:46,3,0,2
BRDA:46,3,1,10
BRDA:47,4,0,2
BRDA:47,4,1,10
BRDA:61,5,0,2
BRDA:61,5,1,4
BRDA:89,6,0,2
BRDA:90,7,0,5
BRDA:90,7,1,5
BRDA:90,7,2,5
BRDA:90,7,3,4
BRDA:90,7,4,4
BRDA:90,7,5,4
BRF:16
BRH:16
end_of_record
TN:
SF:src/services/email.ts
FN:33,(anonymous_3)
FN:57,(anonymous_4)
FN:91,(anonymous_5)
FN:114,(anonymous_6)
FN:166,(anonymous_7)
FN:183,(anonymous_8)
FNF:6
FNH:6
FNDA:30,(anonymous_3)
FNDA:6,(anonymous_4)
FNDA:4,(anonymous_5)
FNDA:25,(anonymous_6)
FNDA:35,(anonymous_7)
FNDA:7,(anonymous_8)
DA:16,6
DA:17,6
DA:19,6
DA:20,6
DA:28,24
DA:29,30
DA:30,30
DA:34,30
DA:36,30
DA:37,18
DA:38,18
DA:40,12
DA:41,12
DA:42,12
DA:62,6
DA:65,4
DA:66,4
DA:68,4
DA:69,4
DA:73,4
DA:79,1
DA:80,1
DA:92,4
DA:94,3
DA:95,3
DA:97,3
DA:103,1
DA:104,1
DA:116,25
DA:118,19
DA:119,1
DA:122,18
DA:123,1
DA:127,17
DA:128,7
DA:129,7
DA:132,10
DA:133,10
DA:141,10
DA:142,1
DA:145,10
DA:147,5
DA:150,5
DA:151,1
DA:152,4
DA:153,1
DA:155,3
DA:167,35
DA:168,2
DA:172,33
DA:173,33
DA:174,7
DA:184,7
DA:194,7
DA:195,6
DA:205,6
LF:56
LH:56
BRDA:36,0,0,18
BRDA:36,0,1,12
BRDA:41,1,0,12
BRDA:65,2,0,4
BRDA:65,2,1,0
BRDA:118,3,0,1
BRDA:118,4,0,19
BRDA:118,4,1,18
BRDA:122,5,0,1
BRDA:122,6,0,18
BRDA:122,6,1,17
BRDA:127,7,0,7
BRDA:141,8,0,1
BRDA:150,9,0,1
BRDA:150,9,1,4
BRDA:152,10,0,1
BRDA:152,10,1,3
BRDA:167,11,0,2
BRDA:167,12,0,35
BRDA:167,12,1,33
BRDA:173,13,0,7
BRDA:194,14,0,6
BRF:22
BRH:21
end_of_record
TN:
SF:src/templates/email/PasswordResetEmail.tsx
FN:39,PasswordResetEmail
FNF:1
FNH:1
FNDA:13,PasswordResetEmail
DA:13,1
DA:24,1
DA:39,13
DA:105,1
DA:111,1
DA:119,1
DA:125,1
DA:132,1
DA:136,1
DA:145,1
DA:152,1
DA:157,1
DA:169,1
DA:176,1
DA:183,1
DA:188,1
DA:193,1
DA:201,1
LF:18
LH:18
BRF:0
BRH:0
end_of_record
TN:
SF:src/templates/email/WelcomeEmail.tsx
FN:37,WelcomeEmail
FNF:1
FNH:1
FNDA:14,WelcomeEmail
DA:13,1
DA:24,1
DA:37,14
DA:38,14
DA:145,1
DA:151,1
DA:159,1
DA:165,1
DA:172,1
DA:179,1
DA:183,1
DA:192,1
DA:199,1
DA:206,1
DA:210,1
DA:218,1
DA:222,1
DA:230,1
DA:235,1
DA:247,1
DA:252,1
DA:260,1
DA:267,1
LF:23
LH:23
BRDA:38,0,0,14
BRDA:38,0,1,14
BRF:2
BRH:2
end_of_record
TN:
SF:src/types/errors.ts
FN:3,(anonymous_5)
FN:11,(anonymous_6)
FN:18,(anonymous_7)
FN:25,(anonymous_8)
FNF:4
FNH:4
FNDA:21,(anonymous_5)
FNDA:18,(anonymous_6)
FNDA:1,(anonymous_7)
FNDA:1,(anonymous_8)
DA:1,26
DA:4,21
DA:5,21
DA:6,21
DA:10,18
DA:12,18
DA:13,18
DA:17,1
DA:19,1
DA:20,1
DA:24,1
DA:26,1
DA:27,1
LF:13
LH:13
BRF:0
BRH:0
end_of_record
TN:
SF:src/utils/api.ts
FN:22,apiRequest
FNF:1
FNH:1
FNDA:4,apiRequest
DA:1,1
DA:12,1
DA:22,4
DA:27,4
DA:28,4
DA:31,4
DA:32,1
DA:35,3
DA:36,3
DA:44,3
DA:45,1
DA:48,2
DA:51,2
DA:56,2
DA:58,1
DA:59,1
DA:60,1
LF:17
LH:17
BRDA:24,0,0,4
BRDA:25,1,0,4
BRDA:31,2,0,1
BRDA:31,3,0,4
BRDA:31,3,1,1
BRDA:44,4,0,1
BRF:6
BRH:6
end_of_record
TN:
SF:src/utils/apiErrorHandler.ts
FN:8,(anonymous_1)
FNF:1
FNH:1
FNDA:7,(anonymous_1)
DA:1,4
DA:2,4
DA:8,7
DA:9,7
DA:10,7
DA:12,7
DA:14,7
DA:15,7
DA:16,0
DA:17,7
DA:18,1
DA:19,6
DA:20,6
DA:23,7
LF:14
LH:13
BRDA:14,0,0,7
BRDA:14,0,1,0
BRDA:15,1,0,0
BRDA:15,1,1,7
BRDA:17,2,0,1
BRDA:17,2,1,6
BRDA:19,3,0,6
BRF:7
BRH:5
end_of_record
TN:
SF:src/utils/apiResponse.ts
FN:25,getStatusCode
FN:39,getErrorCode
FN:53,createAPIError
FN:96,sendSuccess
FN:123,sendError
FN:176,sendPaginated
FNF:6
FNH:6
FNDA:6,getStatusCode
FNDA:7,getErrorCode
FNDA:7,createAPIError
FNDA:16,sendSuccess
FNDA:7,sendError
FNDA:9,sendPaginated
DA:20,1
DA:26,6
DA:27,2
DA:28,1
DA:29,1
DA:30,1
DA:31,1
DA:32,1
DA:33,1
DA:40,7
DA:41,3
DA:42,2
DA:43,2
DA:44,2
DA:45,2
DA:46,2
DA:47,2
DA:54,7
DA:57,7
DA:63,7
DA:64,2
DA:68,7
DA:69,1
DA:73,7
DA:74,0
DA:80,7
DA:96,7
DA:101,16
DA:107,16
DA:123,7
DA:128,7
DA:129,7
DA:131,7
DA:137,7
DA:176,9
DA:183,9
DA:185,9
DA:197,9
LF:38
LH:37
BRDA:26,0,0,4
BRDA:27,1,0,1
BRDA:28,2,0,0
BRDA:29,3,0,0
BRDA:30,4,0,0
BRDA:31,5,0,0
BRDA:32,6,0,0
BRDA:40,7,0,4
BRDA:41,8,0,1
BRDA:42,9,0,0
BRDA:43,10,0,0
BRDA:44,11,0,0
BRDA:45,12,0,0
BRDA:46,13,0,0
BRDA:63,14,0,2
BRDA:63,15,0,7
BRDA:63,15,1,4
BRDA:68,16,0,1
BRDA:68,17,0,7
BRDA:68,17,1,4
BRDA:73,18,0,0
BRDA:73,19,0,7
BRDA:73,19,1,0
BRDA:99,20,0,6
BRDA:128,21,0,7
BRDA:128,21,1,6
BRDA:183,22,0,3
BRDA:183,22,1,6
BRF:28
BRH:16
end_of_record
TN:
SF:src/utils/database.ts
FN:3,(anonymous_2)
FN:31,connectToDatabase
FNF:2
FNH:0
FNDA:0,(anonymous_2)
FNDA:0,connectToDatabase
DA:1,0
DA:3,0
DA:4,0
DA:21,0
DA:23,0
DA:24,0
DA:31,0
DA:32,0
DA:33,0
DA:36,0
DA:37,0
DA:41,0
DA:44,0
DA:45,0
DA:47,0
DA:48,0
DA:51,0
LF:17
LH:0
BRDA:3,0,0,0
BRDA:3,0,1,0
BRDA:23,1,0,0
BRDA:32,2,0,0
BRDA:36,3,0,0
BRF:5
BRH:0
end_of_record
TN:
SF:src/utils/logAnalyzer.ts
FN:10,(anonymous_2)
FN:24,(anonymous_3)
FN:29,(anonymous_4)
FNF:3
FNH:2
FNDA:62,(anonymous_2)
FNDA:0,(anonymous_3)
FNDA:19,(anonymous_4)
DA:1,4
DA:3,4
DA:4,4
DA:7,4
DA:8,4
DA:11,62
DA:12,31
DA:14,31
DA:15,0
DA:18,31
DA:19,19
DA:25,0
DA:26,0
DA:31,19
DA:32,19
DA:36,62
LF:16
LH:13
BRDA:11,0,0,31
BRDA:14,1,0,0
BRDA:18,2,0,19
BRF:3
BRH:2
end_of_record
TN:
SF:src/utils/logger.ts
FN:15,formatLog
FN:21,shouldLog
FN:27,(anonymous_3)
FN:33,(anonymous_4)
FN:39,(anonymous_5)
FN:45,(anonymous_6)
FNF:6
FNH:5
FNDA:62,formatLog
FNDA:62,shouldLog
FNDA:31,(anonymous_3)
FNDA:19,(anonymous_4)
FNDA:12,(anonymous_5)
FNDA:0,(anonymous_6)
DA:1,4
DA:5,4
DA:12,4
DA:13,4
DA:16,62
DA:17,62
DA:18,62
DA:22,62
DA:26,4
DA:28,31
DA:29,31
DA:30,31
DA:34,19
DA:35,19
DA:36,19
DA:40,12
DA:41,12
DA:42,12
DA:46,0
DA:47,0
DA:48,0
DA:53,63
LF:22
LH:19
BRDA:12,0,0,4
BRDA:12,0,1,4
BRDA:17,1,0,62
BRDA:17,1,1,0
BRDA:28,2,0,31
BRDA:34,3,0,19
BRDA:40,4,0,12
BRDA:46,5,0,0
BRF:8
BRH:6
end_of_record
TN:
SF:src/utils/passiveAggressiveMessages.ts
FN:6,(anonymous_1)
FNF:1
FNH:1
FNDA:10,(anonymous_1)
DA:6,10
DA:7,10
DA:36,10
DA:39,10
LF:4
LH:4
BRDA:36,0,0,10
BRDA:36,0,1,0
BRF:2
BRH:1
end_of_record
TN:
SF:src/utils/schemas.ts
FN:75,(anonymous_11)
FN:80,(anonymous_12)
FN:109,validateRequest
FN:116,safeValidateRequest
FN:130,formatZodError
FN:133,(anonymous_16)
FNF:6
FNH:0
FNDA:0,(anonymous_11)
FNDA:0,(anonymous_12)
FNDA:0,validateRequest
FNDA:0,safeValidateRequest
FNDA:0,formatZodError
FNDA:0,(anonymous_16)
DA:1,0
DA:9,0
DA:12,0
DA:17,0
DA:37,0
DA:45,0
DA:62,0
DA:71,0
DA:75,0
DA:80,0
DA:87,0
DA:94,0
DA:109,0
DA:110,0
DA:116,0
DA:120,0
DA:121,0
DA:122,0
DA:124,0
DA:130,0
DA:131,0
DA:133,0
LF:22
LH:0
BRDA:75,0,0,0
BRDA:75,0,1,0
BRDA:80,1,0,0
BRDA:80,1,1,0
BRDA:121,2,0,0
BRF:5
BRH:0
end_of_record
TN:
SF:src/utils/sentry.ts
FN:4,(anonymous_6)
FNF:1
FNH:0
FNDA:0,(anonymous_6)
DA:1,4
DA:2,4
DA:4,4
DA:5,0
DA:12,7
LF:5
LH:4
BRF:0
BRH:0
end_of_record
TN:
SF:src/utils/validation.ts
FN:6,(anonymous_6)
FN:16,(anonymous_7)
FN:27,(anonymous_8)
FN:38,(anonymous_9)
FN:48,(anonymous_10)
FNF:5
FNH:1
FNDA:6,(anonymous_6)
FNDA:0,(anonymous_7)
FNDA:0,(anonymous_8)
FNDA:0,(anonymous_9)
FNDA:0,(anonymous_10)
DA:6,6
DA:7,6
DA:8,6
DA:16,4
DA:18,0
DA:19,0
DA:27,4
DA:29,0
DA:30,0
DA:38,35
DA:39,0
DA:48,4
DA:49,0
DA:51,0
DA:53,0
DA:55,0
DA:57,0
DA:59,0
DA:61,0
DA:63,0
LF:20
LH:7
BRDA:49,0,0,0
BRDA:51,1,0,0
BRDA:51,1,1,0
BRDA:51,1,2,0
BRDA:51,1,3,0
BRDA:51,1,4,0
BRDA:51,1,5,0
BRF:7
BRH:0
end_of_record
