TN:
SF:src/repositories/PasswordResetRepository.ts
FN:36,(anonymous_2)
FN:63,(anonymous_3)
FN:75,(anonymous_4)
FN:84,(anonymous_5)
FN:93,(anonymous_6)
FN:103,(anonymous_7)
FN:128,(anonymous_8)
FN:139,(anonymous_9)
FN:148,(anonymous_10)
FNF:9
FNH:9
FNDA:6,(anonymous_2)
FNDA:4,(anonymous_3)
FNDA:3,(anonymous_4)
FNDA:2,(anonymous_5)
FNDA:1,(anonymous_6)
FNDA:1,(anonymous_7)
FNDA:1,(anonymous_8)
FNDA:2,(anonymous_9)
FNDA:2,(anonymous_10)
DA:9,1
DA:11,1
DA:16,1
DA:21,1
DA:28,22
DA:38,6
DA:41,6
DA:44,6
DA:50,6
DA:52,6
DA:64,4
DA:76,3
DA:85,2
DA:94,1
DA:104,1
DA:106,1
DA:107,1
DA:110,1
DA:111,1
DA:114,1
DA:115,1
DA:118,1
DA:129,1
DA:130,1
DA:140,2
DA:149,2
DA:150,2
LF:27
LH:27
BRDA:106,0,0,1
BRDA:110,1,0,1
BRDA:114,2,0,1
BRF:3
BRH:3
end_of_record
TN:
SF:src/repositories/ReadingRepository.ts
FN:24,(anonymous_1)
FN:35,(anonymous_2)
FN:62,(anonymous_3)
FN:76,(anonymous_4)
FN:86,(anonymous_5)
FN:109,(anonymous_6)
FN:120,(anonymous_7)
FN:129,(anonymous_8)
FNF:8
FNH:8
FNDA:2,(anonymous_1)
FNDA:4,(anonymous_2)
FNDA:6,(anonymous_3)
FNDA:1,(anonymous_4)
FNDA:1,(anonymous_5)
FNDA:2,(anonymous_6)
FNDA:2,(anonymous_7)
FNDA:2,(anonymous_8)
DA:10,1
DA:11,1
DA:18,19
DA:25,2
DA:36,4
DA:39,4
DA:42,4
DA:43,1
DA:46,4
DA:47,1
DA:50,4
DA:52,4
DA:64,6
DA:65,2
DA:68,4
DA:77,1
DA:87,1
DA:89,1
DA:90,1
DA:93,1
DA:94,1
DA:97,1
DA:98,1
DA:101,1
DA:110,2
DA:111,2
DA:121,2
DA:130,2
DA:131,2
LF:29
LH:29
BRDA:39,0,0,4
BRDA:39,0,1,3
BRDA:42,1,0,1
BRDA:46,2,0,1
BRDA:64,3,0,2
BRDA:64,4,0,6
BRDA:64,4,1,5
BRDA:89,5,0,1
BRDA:93,6,0,1
BRDA:97,7,0,1
BRF:10
BRH:10
end_of_record
TN:
SF:src/repositories/UserRepository.ts
FN:24,(anonymous_1)
FN:33,(anonymous_2)
FN:44,(anonymous_3)
FN:55,(anonymous_4)
FN:65,(anonymous_5)
FN:90,(anonymous_6)
FN:117,(anonymous_7)
FN:126,(anonymous_8)
FN:138,(anonymous_9)
FN:154,(anonymous_10)
FNF:10
FNH:10
FNDA:3,(anonymous_1)
FNDA:3,(anonymous_2)
FNDA:3,(anonymous_3)
FNDA:1,(anonymous_4)
FNDA:1,(anonymous_5)
FNDA:4,(anonymous_6)
FNDA:2,(anonymous_7)
FNDA:2,(anonymous_8)
FNDA:4,(anonymous_9)
FNDA:3,(anonymous_10)
DA:10,1
DA:11,1
DA:18,26
DA:25,3
DA:35,3
DA:36,3
DA:46,3
DA:47,3
DA:56,1
DA:66,1
DA:68,1
DA:69,1
DA:72,1
DA:73,1
DA:76,1
DA:77,1
DA:80,1
DA:91,4
DA:92,4
DA:93,4
DA:96,3
DA:98,2
DA:99,1
DA:101,1
DA:102,1
DA:104,0
DA:107,1
DA:118,2
DA:127,2
DA:128,2
DA:139,4
DA:140,4
DA:141,1
DA:144,3
DA:155,3
DA:156,3
DA:157,1
DA:161,2
DA:162,2
LF:39
LH:38
BRDA:68,0,0,1
BRDA:72,1,0,1
BRDA:76,2,0,1
BRDA:96,3,0,2
BRDA:98,4,0,1
BRDA:101,5,0,1
BRDA:140,6,0,1
BRDA:156,7,0,1
BRF:8
BRH:8
end_of_record
